2023-09-24 23:48:49,496 [INFO] Activator:176 - 


2023-09-24 23:48:49,500 [INFO] Activator:177 - !SESSION log4j initialized
2023-09-24 23:48:55,391 [INFO] LogOutputStream:77 - [STDOUT_REDIRECT] 
2023-09-24 23:48:58,427 [INFO] ApplicationProperties:184 - Using Application install path: D:\Programs\STM32CubeIDE_1.13.0\STM32CubeIDE\plugins\com.st.stm32cube.common.mx_6.9.0.202307051724
2023-09-24 23:48:58,442 [INFO] DbMcusXml:78 - Set database path to: D:\Programs\STM32CubeIDE_1.13.0\STM32CubeIDE\plugins\com.st.stm32cube.common.mx_6.9.0.202307051724\\db\/mcu/
2023-09-24 23:48:58,442 [INFO] ApiDb:274 - Set plugin database path to: D:\Programs\STM32CubeIDE_1.13.0\STM32CubeIDE\plugins\com.st.stm32cube.common.mx_6.9.0.202307051724\\db\/plugins/boardmanager/
2023-09-24 23:48:58,443 [WARN] ApiDb:259 - Overriding images path with different value:  => D:\Programs\STM32CubeIDE_1.13.0\STM32CubeIDE\plugins\com.st.stm32cube.common.mx_6.9.0.202307051724\\db\/plugins/mcufinder/images/
2023-09-24 23:48:58,452 [INFO] ApiDb:250 - Set database path to: C:\Users\Asus\.stmcufinder\plugins\mcufinder//mcu/
2023-09-24 23:48:58,452 [INFO] DbMcusAds:125 - Set database path to: C:\Users\Asus\.stmcufinder\plugins\mcufinder//mcu/
2023-09-24 23:48:58,454 [INFO] CrossReferenceDbSqlite:203 - Set database path to: C:\Users\Asus\.stmcufinder\plugins\mcufinder//mcu/cs/
2023-09-24 23:48:58,537 [INFO] RulesReader:64 - Compatibility file has been processed (293 Rules)
2023-09-24 23:48:58,608 [INFO] DbMcusXml:78 - Set database path to: D:\Programs\STM32CubeIDE_1.13.0\STM32CubeIDE\plugins\com.st.stm32cube.common.mx_6.9.0.202307051724\\db\/mcu/
2023-09-24 23:48:58,608 [INFO] ApiDb:274 - Set plugin database path to: D:\Programs\STM32CubeIDE_1.13.0\STM32CubeIDE\plugins\com.st.stm32cube.common.mx_6.9.0.202307051724\\db\/plugins/boardmanager/
2023-09-24 23:48:58,608 [INFO] ApiDb:261 - Set plugin images path to: D:\Programs\STM32CubeIDE_1.13.0\STM32CubeIDE\plugins\com.st.stm32cube.common.mx_6.9.0.202307051724\\db\/plugins/mcufinder/images/
2023-09-24 23:48:58,608 [WARN] DbFile:41 - Overriding database path with different value: C:\Users\Asus\.stmcufinder\plugins\mcufinder/ => C:\Users\Asus\.stmcufinder\plugins\mcufinder
2023-09-24 23:48:58,608 [INFO] ApiDb:250 - Set database path to: C:\Users\Asus\.stmcufinder\plugins\mcufinder//mcu/
2023-09-24 23:48:58,608 [WARN] DbFile:41 - Overriding database path with different value: C:\Users\Asus\.stmcufinder\plugins\mcufinder/ => C:\Users\Asus\.stmcufinder\plugins\mcufinder
2023-09-24 23:48:58,608 [INFO] DbMcusAds:125 - Set database path to: C:\Users\Asus\.stmcufinder\plugins\mcufinder//mcu/
2023-09-24 23:48:58,609 [WARN] DbFile:41 - Overriding database path with different value: C:\Users\Asus\.stmcufinder\plugins\mcufinder/ => C:\Users\Asus\.stmcufinder\plugins\mcufinder
2023-09-24 23:48:58,609 [WARN] DbFile:41 - Overriding database path with different value: C:\Users\Asus\.stmcufinder\plugins\mcufinder/ => C:\Users\Asus\.stmcufinder\plugins\mcufinder
2023-09-24 23:48:58,609 [INFO] CrossReferenceDbSqlite:203 - Set database path to: C:\Users\Asus\.stmcufinder\plugins\mcufinder//mcu/cs/
2023-09-24 23:48:58,672 [INFO] MainPanel:262 - HeapMemory: 268435456
2023-09-24 23:48:58,756 [INFO] DbMcusXml:78 - Set database path to: D:\Programs\STM32CubeIDE_1.13.0\STM32CubeIDE\plugins\com.st.stm32cube.common.mx_6.9.0.202307051724\\db\/mcu/
2023-09-24 23:48:58,756 [INFO] ApiDb:274 - Set plugin database path to: D:\Programs\STM32CubeIDE_1.13.0\STM32CubeIDE\plugins\com.st.stm32cube.common.mx_6.9.0.202307051724\\db\/plugins/boardmanager/
2023-09-24 23:48:58,756 [INFO] ApiDb:261 - Set plugin images path to: D:\Programs\STM32CubeIDE_1.13.0\STM32CubeIDE\plugins\com.st.stm32cube.common.mx_6.9.0.202307051724\\db\/plugins/mcufinder/images/
2023-09-24 23:48:58,756 [WARN] DbFile:41 - Overriding database path with different value: C:\Users\Asus\.stmcufinder\plugins\mcufinder/ => C:\Users\Asus\.stmcufinder\plugins\mcufinder
2023-09-24 23:48:58,756 [INFO] ApiDb:250 - Set database path to: C:\Users\Asus\.stmcufinder\plugins\mcufinder//mcu/
2023-09-24 23:48:58,756 [WARN] DbFile:41 - Overriding database path with different value: C:\Users\Asus\.stmcufinder\plugins\mcufinder/ => C:\Users\Asus\.stmcufinder\plugins\mcufinder
2023-09-24 23:48:58,757 [INFO] DbMcusAds:125 - Set database path to: C:\Users\Asus\.stmcufinder\plugins\mcufinder//mcu/
2023-09-24 23:48:58,757 [WARN] DbFile:41 - Overriding database path with different value: C:\Users\Asus\.stmcufinder\plugins\mcufinder/ => C:\Users\Asus\.stmcufinder\plugins\mcufinder
2023-09-24 23:48:58,757 [WARN] DbFile:41 - Overriding database path with different value: C:\Users\Asus\.stmcufinder\plugins\mcufinder/ => C:\Users\Asus\.stmcufinder\plugins\mcufinder
2023-09-24 23:48:58,757 [INFO] CrossReferenceDbSqlite:203 - Set database path to: C:\Users\Asus\.stmcufinder\plugins\mcufinder//mcu/cs/
2023-09-24 23:48:58,768 [INFO] ApplicationProperties:184 - Using Application install path: D:\Programs\STM32CubeIDE_1.13.0\STM32CubeIDE\plugins\com.st.stm32cube.common.mx_6.9.0.202307051724
2023-09-24 23:48:58,769 [INFO] PluginManage:196 - Search for loadable plugins [exclusion list=, ]
2023-09-24 23:48:58,770 [INFO] PluginManage:310 - Check plugin analytics
2023-09-24 23:48:58,907 [INFO] AnalyticsPlugin:253 - Accepted Software Licenses: 
2023-09-24 23:48:58,907 [INFO] AnalyticsPlugin:255 - Accepted CMSIS Pack Licenses: 
2023-09-24 23:48:58,907 [INFO] AnalyticsPlugin:257 - Accepted Firmware Licenses: FW.F7.1.17.0
2023-09-24 23:48:58,910 [INFO] PluginManage:359 - Loaded plugin analytics (category:tool,tabindex:-1)
2023-09-24 23:48:58,911 [INFO] PluginManage:310 - Check plugin cadmodel
2023-09-24 23:48:58,922 [INFO] CADModel:105 - Init CAD model plugin
2023-09-24 23:48:58,922 [INFO] PluginManage:359 - Loaded plugin cadmodel (category:power,tabindex:5)
2023-09-24 23:48:58,923 [INFO] PluginManage:310 - Check plugin clock
2023-09-24 23:48:58,936 [INFO] PluginManage:359 - Loaded plugin clock (category:base,tabindex:2)
2023-09-24 23:48:58,936 [INFO] PluginManage:310 - Check plugin ddr
2023-09-24 23:48:58,938 [INFO] PluginManage:359 - Loaded plugin ddr (category:tool,tabindex:6)
2023-09-24 23:48:58,938 [INFO] PluginManage:310 - Check plugin filemanager
2023-09-24 23:48:59,042 [INFO] PluginManage:359 - Loaded plugin filemanager (category:base,tabindex:10)
2023-09-24 23:48:59,042 [INFO] PluginManage:310 - Check plugin ipmanager
2023-09-24 23:48:59,047 [INFO] PluginManage:359 - Loaded plugin ipmanager (category:base,tabindex:5)
2023-09-24 23:48:59,047 [INFO] PluginManage:310 - Check plugin lpbam
2023-09-24 23:48:59,060 [INFO] PluginManage:359 - Loaded plugin lpbam (category:base,tabindex:0)
2023-09-24 23:48:59,060 [INFO] PluginManage:310 - Check plugin memorymap
2023-09-24 23:48:59,076 [INFO] PluginManage:359 - Loaded plugin memorymap (category:base,tabindex:4)
2023-09-24 23:48:59,076 [INFO] PluginManage:310 - Check plugin pinoutandconfiguration
2023-09-24 23:48:59,087 [INFO] PluginManage:359 - Loaded plugin pinoutandconfiguration (category:base,tabindex:1)
2023-09-24 23:48:59,087 [INFO] PluginManage:310 - Check plugin pinoutconfig
2023-09-24 23:48:59,156 [WARN] SupportedApi:132 - Cannot load RTOS API schema: s4s-elt-must-match.1: The content of 'definitions' must match (annotation?, (simpleType | complexType)?, (unique | key | keyref)*)). A problem was found starting at: attribute.
2023-09-24 23:48:59,246 [INFO] PluginManage:359 - Loaded plugin pinoutconfig (category:base,tabindex:0)
2023-09-24 23:48:59,247 [INFO] PluginManage:310 - Check plugin power
2023-09-24 23:48:59,263 [INFO] PluginManage:359 - Loaded plugin power (category:power,tabindex:4)
2023-09-24 23:48:59,263 [INFO] PluginManage:310 - Check plugin projectmanager
2023-09-24 23:48:59,277 [INFO] PluginManage:359 - Loaded plugin projectmanager (category:projectmanager,tabindex:3)
2023-09-24 23:48:59,277 [INFO] PluginManage:310 - Check plugin thirdparty
2023-09-24 23:48:59,458 [INFO] PluginManage:359 - Loaded plugin thirdparty (category:base,tabindex:-1)
2023-09-24 23:48:59,458 [INFO] PluginManage:310 - Check plugin tools
2023-09-24 23:48:59,458 [WARN] IntegrityCheckThread:84 - waiting for thirdparty lock release [integrity check]
2023-09-24 23:48:59,458 [INFO] IntegrityCheckThread:86 - entering critical section [integrity check]
2023-09-24 23:48:59,459 [INFO] ThirdPartyUpdaterWithRetryManager:70 - Updater plugin not ready yet. [1/15]
2023-09-24 23:48:59,482 [INFO] PluginManage:359 - Loaded plugin tools (category:base,tabindex:7)
2023-09-24 23:48:59,482 [INFO] PluginManage:310 - Check plugin tutovideos
2023-09-24 23:48:59,615 [INFO] PluginManage:359 - Loaded plugin tutovideos (category:base,tabindex:-1)
2023-09-24 23:48:59,615 [INFO] PluginManage:310 - Check plugin updater
2023-09-24 23:48:59,623 [INFO] PluginManage:359 - Loaded plugin updater (category:base,tabindex:12)
2023-09-24 23:48:59,623 [INFO] PluginManage:310 - Check plugin userauth
2023-09-24 23:48:59,627 [INFO] UserAuth:113 - Init User Auth plugin
2023-09-24 23:48:59,627 [INFO] PluginManage:359 - Loaded plugin userauth (category:base,tabindex:14)
2023-09-24 23:48:59,627 [INFO] PluginManage:283 - PluginManage : Loaded plugins [17]
2023-09-24 23:48:59,770 [INFO] PinOutPanel:1499 - setPackage(No Configuration,No Configuration)
2023-09-24 23:48:59,838 [INFO] CADModel:165 - CPN selected for project level
2023-09-24 23:48:59,838 [INFO] CADModel:114 - Register for checkConnection events
2023-09-24 23:48:59,857 [INFO] IPUIPlugin:80 - create IPUIPlugin
2023-09-24 23:48:59,857 [INFO] PluginManager:220 - loadIPPluginJar : add adc
2023-09-24 23:48:59,879 [INFO] IPUIPlugin:80 - create IPUIPlugin
2023-09-24 23:48:59,879 [INFO] PluginManager:220 - loadIPPluginJar : add aes
2023-09-24 23:48:59,904 [INFO] IPUIPlugin:80 - create IPUIPlugin
2023-09-24 23:48:59,904 [INFO] PluginManager:220 - loadIPPluginJar : add can
2023-09-24 23:48:59,917 [INFO] IPUIPlugin:80 - create IPUIPlugin
2023-09-24 23:48:59,917 [INFO] PluginManager:220 - loadIPPluginJar : add comp
2023-09-24 23:48:59,938 [INFO] IPUIPlugin:80 - create IPUIPlugin
2023-09-24 23:48:59,938 [INFO] PluginManager:220 - loadIPPluginJar : add cryp
2023-09-24 23:48:59,957 [INFO] IPUIPlugin:80 - create IPUIPlugin
2023-09-24 23:48:59,957 [INFO] PluginManager:220 - loadIPPluginJar : add dfsdm
2023-09-24 23:48:59,981 [INFO] IPUIPlugin:80 - create IPUIPlugin
2023-09-24 23:48:59,982 [INFO] PluginManager:220 - loadIPPluginJar : add dma
2023-09-24 23:49:00,014 [INFO] IPUIPlugin:80 - create IPUIPlugin
2023-09-24 23:49:00,014 [INFO] PluginManager:220 - loadIPPluginJar : add dma3
2023-09-24 23:49:00,028 [INFO] IPUIPlugin:80 - create IPUIPlugin
2023-09-24 23:49:00,028 [INFO] PluginManager:220 - loadIPPluginJar : add fatfs
2023-09-24 23:49:00,058 [INFO] IPUIPlugin:80 - create IPUIPlugin
2023-09-24 23:49:00,058 [INFO] PluginManager:220 - loadIPPluginJar : add fmc
2023-09-24 23:49:00,074 [INFO] IPUIPlugin:80 - create IPUIPlugin
2023-09-24 23:49:00,074 [INFO] PluginManager:220 - loadIPPluginJar : add freertos
2023-09-24 23:49:00,089 [INFO] IPUIPlugin:80 - create IPUIPlugin
2023-09-24 23:49:00,089 [INFO] PluginManager:220 - loadIPPluginJar : add genericplugin
2023-09-24 23:49:00,145 [INFO] IPUIPlugin:80 - create IPUIPlugin
2023-09-24 23:49:00,145 [INFO] PluginManager:220 - loadIPPluginJar : add gfxmmu
2023-09-24 23:49:00,224 [INFO] IPUIPlugin:80 - create IPUIPlugin
2023-09-24 23:49:00,225 [INFO] PluginManager:220 - loadIPPluginJar : add gic
2023-09-24 23:49:00,234 [INFO] IPUIPlugin:80 - create IPUIPlugin
2023-09-24 23:49:00,234 [INFO] PluginManager:220 - loadIPPluginJar : add gpio
2023-09-24 23:49:00,292 [INFO] IPUIPlugin:80 - create IPUIPlugin
2023-09-24 23:49:00,292 [INFO] PluginManager:220 - loadIPPluginJar : add gtzc
2023-09-24 23:49:00,312 [INFO] IPUIPlugin:80 - create IPUIPlugin
2023-09-24 23:49:00,312 [INFO] PluginManager:220 - loadIPPluginJar : add hash
2023-09-24 23:49:00,344 [INFO] IPUIPlugin:80 - create IPUIPlugin
2023-09-24 23:49:00,344 [INFO] PluginManager:220 - loadIPPluginJar : add i2c
2023-09-24 23:49:00,368 [INFO] IPUIPlugin:80 - create IPUIPlugin
2023-09-24 23:49:00,368 [INFO] PluginManager:220 - loadIPPluginJar : add i2s
2023-09-24 23:49:00,393 [INFO] IPUIPlugin:80 - create IPUIPlugin
2023-09-24 23:49:00,393 [INFO] PluginManager:220 - loadIPPluginJar : add i3c
2023-09-24 23:49:00,460 [INFO] IPUIPlugin:80 - create IPUIPlugin
2023-09-24 23:49:00,460 [INFO] PluginManager:220 - loadIPPluginJar : add ipddr
2023-09-24 23:49:00,518 [INFO] IPUIPlugin:80 - create IPUIPlugin
2023-09-24 23:49:00,518 [INFO] PluginManager:220 - loadIPPluginJar : add linkedlist
2023-09-24 23:49:00,540 [INFO] IPUIPlugin:80 - create IPUIPlugin
2023-09-24 23:49:00,540 [INFO] PluginManager:220 - loadIPPluginJar : add lorawan
2023-09-24 23:49:00,562 [INFO] IPUIPlugin:80 - create IPUIPlugin
2023-09-24 23:49:00,562 [INFO] PluginManager:220 - loadIPPluginJar : add ltdc
2023-09-24 23:49:00,571 [INFO] IPUIPlugin:80 - create IPUIPlugin
2023-09-24 23:49:00,571 [INFO] PluginManager:220 - loadIPPluginJar : add mdma
2023-09-24 23:49:00,578 [INFO] IPUIPlugin:80 - create IPUIPlugin
2023-09-24 23:49:00,578 [INFO] PluginManager:220 - loadIPPluginJar : add nvic
2023-09-24 23:49:00,602 [INFO] IPUIPlugin:80 - create IPUIPlugin
2023-09-24 23:49:00,602 [INFO] PluginManager:220 - loadIPPluginJar : add opamp
2023-09-24 23:49:00,641 [INFO] IPUIPlugin:80 - create IPUIPlugin
2023-09-24 23:49:00,641 [INFO] PluginManager:220 - loadIPPluginJar : add openamp
2023-09-24 23:49:00,667 [INFO] IPUIPlugin:80 - create IPUIPlugin
2023-09-24 23:49:00,667 [INFO] PluginManager:220 - loadIPPluginJar : add pdm2pcm
2023-09-24 23:49:00,677 [INFO] IPUIPlugin:80 - create IPUIPlugin
2023-09-24 23:49:00,678 [INFO] PluginManager:220 - loadIPPluginJar : add plateformsettings
2023-09-24 23:49:00,691 [INFO] IPUIPlugin:80 - create IPUIPlugin
2023-09-24 23:49:00,693 [INFO] PluginManager:220 - loadIPPluginJar : add quadspi
2023-09-24 23:49:00,701 [INFO] IPUIPlugin:80 - create IPUIPlugin
2023-09-24 23:49:00,701 [INFO] PluginManager:220 - loadIPPluginJar : add resmgrutility
2023-09-24 23:49:00,734 [INFO] IPUIPlugin:80 - create IPUIPlugin
2023-09-24 23:49:00,734 [INFO] PluginManager:220 - loadIPPluginJar : add sai
2023-09-24 23:49:00,758 [INFO] IPUIPlugin:80 - create IPUIPlugin
2023-09-24 23:49:00,758 [INFO] PluginManager:220 - loadIPPluginJar : add spi
2023-09-24 23:49:00,794 [INFO] IPUIPlugin:80 - create IPUIPlugin
2023-09-24 23:49:00,794 [INFO] PluginManager:220 - loadIPPluginJar : add stm32_wpan
2023-09-24 23:49:00,808 [INFO] IPUIPlugin:80 - create IPUIPlugin
2023-09-24 23:49:00,808 [INFO] PluginManager:220 - loadIPPluginJar : add tim
2023-09-24 23:49:00,843 [INFO] IPUIPlugin:80 - create IPUIPlugin
2023-09-24 23:49:00,844 [INFO] PluginManager:220 - loadIPPluginJar : add touchsensing
2023-09-24 23:49:00,857 [INFO] IPUIPlugin:80 - create IPUIPlugin
2023-09-24 23:49:00,857 [INFO] PluginManager:220 - loadIPPluginJar : add tracer_emb
2023-09-24 23:49:00,870 [INFO] IPUIPlugin:80 - create IPUIPlugin
2023-09-24 23:49:00,870 [INFO] PluginManager:220 - loadIPPluginJar : add ts
2023-09-24 23:49:00,883 [INFO] IPUIPlugin:80 - create IPUIPlugin
2023-09-24 23:49:00,883 [INFO] PluginManager:220 - loadIPPluginJar : add tsc
2023-09-24 23:49:00,895 [INFO] IPUIPlugin:80 - create IPUIPlugin
2023-09-24 23:49:00,895 [INFO] PluginManager:220 - loadIPPluginJar : add ucpd
2023-09-24 23:49:00,922 [INFO] IPUIPlugin:80 - create IPUIPlugin
2023-09-24 23:49:00,922 [INFO] PluginManager:220 - loadIPPluginJar : add usart
2023-09-24 23:49:00,949 [INFO] IPUIPlugin:80 - create IPUIPlugin
2023-09-24 23:49:00,949 [INFO] PluginManager:220 - loadIPPluginJar : add usbx
2023-09-24 23:49:01,053 [INFO] CADModel:165 - CPN selected for project level
2023-09-24 23:49:01,053 [INFO] CADModel:114 - Register for checkConnection events
2023-09-24 23:49:01,053 [FATAL] Updater:308 - Updater called before beeing initialized
2023-09-24 23:49:01,053 [ERROR] CADModel:125 - Updater not yet initialized, retry later 
2023-09-24 23:49:01,155 [INFO] CADModel:165 - CPN selected for project level
2023-09-24 23:49:01,155 [INFO] CADModel:114 - Register for checkConnection events
2023-09-24 23:49:01,155 [FATAL] Updater:308 - Updater called before beeing initialized
2023-09-24 23:49:01,156 [ERROR] CADModel:125 - Updater not yet initialized, retry later 
2023-09-24 23:49:01,158 [FATAL] Updater:308 - Updater called before beeing initialized
2023-09-24 23:49:01,251 [FATAL] Updater:308 - Updater called before beeing initialized
2023-09-24 23:49:01,263 [INFO] DbMcusAds:53 - JSON generation date=Tue Mar 07 15:50:55 ICT 2023 (1678179055114)
2023-09-24 23:49:01,263 [FATAL] Updater:308 - Updater called before beeing initialized
2023-09-24 23:49:01,318 [WARN] DetailPanel:346 - Failed to get advertising image, set to default
2023-09-24 23:49:01,379 [FATAL] Updater:308 - Updater called before beeing initialized
2023-09-24 23:49:01,381 [FATAL] Updater:308 - Updater called before beeing initialized
2023-09-24 23:49:01,381 [FATAL] Updater:308 - Updater called before beeing initialized
2023-09-24 23:49:01,381 [WARN] DetailPanel:346 - Failed to get advertising image, set to default
2023-09-24 23:49:01,382 [FATAL] Updater:308 - Updater called before beeing initialized
2023-09-24 23:49:01,430 [ERROR] Updater:1120 - MainUpdater not yet initialized. External WinMGr cannot be set.
2023-09-24 23:49:01,437 [INFO] Updater:1056 - Updater Version found : 6.9.0
2023-09-24 23:49:01,451 [INFO] ApplicationProperties:184 - Using Application install path: D:\Programs\STM32CubeIDE_1.13.0\STM32CubeIDE\plugins\com.st.stm32cube.common.mx_6.9.0.202307051724
2023-09-24 23:49:01,554 [INFO] MainUpdater:2868 - connection check result : 10
2023-09-24 23:49:01,554 [INFO] MainUpdater:3562 - Updater definition file requires update
2023-09-24 23:49:01,555 [INFO] MainUpdater:285 - Updater Check For Update Now.
2023-09-24 23:49:01,555 [INFO] MicroXplorer:498 - Change Database Version : DB.6.0.90
2023-09-24 23:49:01,568 [INFO] ServerAccessManage:473 - Download File updaters.zip
2023-09-24 23:49:01,580 [INFO] McuFinderGlobals:63 - Set McuFinder mode to 2 (CubeIDE integrated)
2023-09-24 23:49:01,639 [INFO] FileExtend:240 - Unzip File : updaters.zip
2023-09-24 23:49:01,639 [INFO] FileExtend:255 - Standard Zip Deflate
2023-09-24 23:49:02,461 [WARN] MainUpdater:1189 - Updater busy. Cannot search thirdparties
2023-09-24 23:49:02,461 [INFO] ThirdPartyUpdaterWithRetryManager:96 - Updater plugin is busy. [1/15]
2023-09-24 23:49:02,873 [INFO] ServerAccessManage:473 - Download File PacksControlFlags.xml
2023-09-24 23:49:03,830 [INFO] ServerAccessManage:473 - Download File cubemx.pidx
2023-09-24 23:49:03,895 [INFO] LoadServerUpdatesThread:373 - End of LoadServerUpdate Thread
2023-09-24 23:49:04,050 [INFO] CheckServerUpdateThread:120 - End of CheckServer Thread
2023-09-24 23:49:05,577 [WARN] PackLoader:240 - Cannot read IP mode file for STMicroelectronics.X-CUBE-SMBUS.2.1.0
2023-09-24 23:49:05,611 [WARN] PackLoader:240 - Cannot read IP mode file for STMicroelectronics.X-CUBE-AZRTOS-F7.1.1.0
2023-09-24 23:49:05,626 [WARN] PackLoader:240 - Cannot read IP mode file for STMicroelectronics.FP-SNS-MOTENV1.4.3.2
2023-09-24 23:49:05,642 [WARN] PackLoader:240 - Cannot read IP mode file for STMicroelectronics.X-CUBE-BLE1.6.2.4
2023-09-24 23:49:05,651 [WARN] PackLoader:240 - Cannot read IP mode file for STMicroelectronics.FP-SNS-FLIGHT1.5.0.2
2023-09-24 23:49:05,663 [WARN] PackLoader:240 - Cannot read IP mode file for STMicroelectronics.X-CUBE-DISPLAY.3.0.0
2023-09-24 23:49:05,676 [WARN] PackLoader:240 - Cannot read IP mode file for STMicroelectronics.X-CUBE-BLE1.7.0.0
2023-09-24 23:49:05,686 [WARN] PackLoader:240 - Cannot read IP mode file for emotas.I-CUBE-CANOPEN.1.3.0
2023-09-24 23:49:05,697 [WARN] PackLoader:240 - Cannot read IP mode file for STMicroelectronics.X-CUBE-TOUCHGFX.4.22.0
2023-09-24 23:49:05,706 [WARN] PackLoader:240 - Cannot read IP mode file for STMicroelectronics.FP-SNS-SMARTAG2.1.2.0
2023-09-24 23:49:05,723 [INFO] LogOutputStream:77 - [STDOUT_REDIRECT] 1 : Invalid condition id : UX_CORESTACK_Condition cause : null
2023-09-24 23:49:05,724 [INFO] LogOutputStream:77 - [STDOUT_REDIRECT] 1 : Invalid condition id : UX_CORESTACK_Condition cause : null
2023-09-24 23:49:05,725 [INFO] LogOutputStream:77 - [STDOUT_REDIRECT] 1 : Invalid condition id : UX_CORESTACK_Condition cause : null
2023-09-24 23:49:05,726 [INFO] LogOutputStream:77 - [STDOUT_REDIRECT] 1 : Invalid condition id : UX_CORESTACK_Condition cause : null
2023-09-24 23:49:05,727 [INFO] LogOutputStream:77 - [STDOUT_REDIRECT] 1 : Invalid condition id : UX_CORESTACK_Condition cause : null
2023-09-24 23:49:05,729 [WARN] PackLoader:240 - Cannot read IP mode file for STMicroelectronics.X-CUBE-AZRTOS-WL.2.0.0
2023-09-24 23:49:05,743 [WARN] PackLoader:240 - Cannot read IP mode file for WES.I-CUBE-Cesium.1.3.0
2023-09-24 23:49:05,752 [WARN] PackLoader:240 - Cannot read IP mode file for STMicroelectronics.X-CUBE-BLE2.3.3.0
2023-09-24 23:49:05,761 [WARN] PackLoader:240 - Cannot read IP mode file for STMicroelectronics.X-CUBE-ALGOBUILD.1.3.0
2023-09-24 23:49:05,780 [WARN] PackLoader:240 - Cannot read IP mode file for STMicroelectronics.X-CUBE-AZRTOS-G0.1.1.0
2023-09-24 23:49:05,793 [WARN] PackLoader:240 - Cannot read IP mode file for STMicroelectronics.X-CUBE-NFC4.3.0.0
2023-09-24 23:49:05,808 [WARN] PackLoader:240 - Cannot read IP mode file for STMicroelectronics.FP-ATR-SIGFOX1.3.2.0
2023-09-24 23:49:05,841 [WARN] PackLoader:240 - Cannot read IP mode file for SEGGER.I-CUBE-embOS.1.3.1
2023-09-24 23:49:05,881 [WARN] PackLoader:240 - Cannot read IP mode file for STMicroelectronics.X-CUBE-GNSS1.6.0.0
2023-09-24 23:49:05,904 [WARN] PackLoader:240 - Cannot read IP mode file for STMicroelectronics.X-CUBE-AZRTOS-F4.1.1.0
2023-09-24 23:49:05,915 [WARN] PackLoader:240 - Cannot read IP mode file for wolfSSL.I-CUBE-wolfSSL.5.6.3
2023-09-24 23:49:05,934 [WARN] PackLoader:240 - Cannot read IP mode file for STMicroelectronics.X-CUBE-AZRTOS-L5.2.0.0
2023-09-24 23:49:05,967 [WARN] PackLoader:240 - Cannot read IP mode file for STMicroelectronics.X-CUBE-MEMS1.9.6.0
2023-09-24 23:49:06,064 [WARN] PackLoader:240 - Cannot read IP mode file for STMicroelectronics.X-CUBE-BLEMGR.2.0.0
2023-09-24 23:49:06,083 [WARN] ConditionMgr:438 - getConditionDescription Invalid condition id : UX DEVICE CLASS RTOS Condition cause : null
2023-09-24 23:49:06,083 [WARN] ConditionMgr:438 - getConditionDescription Invalid condition id : UX DEVICE CLASS RTOS Condition cause : null
2023-09-24 23:49:06,085 [WARN] PackLoader:240 - Cannot read IP mode file for STMicroelectronics.X-CUBE-AZRTOS-H7.3.1.0
2023-09-24 23:49:06,085 [WARN] ConditionMgr:1039 - genDependencies : Invalid condition id : UX DEVICE CLASS RTOS Condition cause : null
2023-09-24 23:49:06,085 [WARN] ConditionMgr:1039 - genDependencies : Invalid condition id : UX DEVICE CLASS RTOS Condition cause : null
2023-09-24 23:49:06,086 [WARN] ConditionMgr:1039 - genDependencies : Invalid condition id : UX DEVICE CLASS RTOS Condition cause : null
2023-09-24 23:49:06,086 [WARN] ConditionMgr:1039 - genDependencies : Invalid condition id : UX DEVICE CLASS RTOS Condition cause : null
2023-09-24 23:49:06,086 [WARN] ConditionMgr:1039 - genDependencies : Invalid condition id : UX DEVICE CLASS RTOS Condition cause : null
2023-09-24 23:49:06,096 [WARN] PackLoader:240 - Cannot read IP mode file for STMicroelectronics.X-CUBE-NFC7.1.0.1
2023-09-24 23:49:06,107 [WARN] PackLoader:240 - Cannot read IP mode file for STMicroelectronics.X-CUBE-NFC6.3.0.0
2023-09-24 23:49:06,117 [WARN] PackLoader:240 - Cannot read IP mode file for STMicroelectronics.X-CUBE-EEPRMA1.4.1.0
2023-09-24 23:49:06,126 [WARN] PackLoader:240 - Cannot read IP mode file for STMicroelectronics.X-CUBE-AI.8.1.0
2023-09-24 23:49:06,146 [WARN] ConditionMgr:438 - getConditionDescription Invalid condition id : LAN8742 Phy interface Condition cause : null
2023-09-24 23:49:06,146 [WARN] PackLoader:240 - Cannot read IP mode file for STMicroelectronics.X-CUBE-AZRTOS-L4.2.0.0
2023-09-24 23:49:06,147 [WARN] ConditionMgr:1039 - genDependencies : Invalid condition id : LAN8742 Phy interface Condition cause : null
2023-09-24 23:49:06,147 [WARN] ConditionMgr:1039 - genDependencies : Invalid condition id : LAN8742 Phy interface Condition cause : null
2023-09-24 23:49:06,148 [WARN] ConditionMgr:1039 - genDependencies : Invalid condition id : LAN8742 Phy interface Condition cause : null
2023-09-24 23:49:06,159 [WARN] PackLoader:240 - Cannot read IP mode file for STMicroelectronics.X-CUBE-SFXS2LP1.4.0.0
2023-09-24 23:49:06,169 [WARN] PackLoader:240 - Cannot read IP mode file for STMicroelectronics.X-CUBE-ISPU.1.1.0
2023-09-24 23:49:06,185 [WARN] ConditionMgr:438 - getConditionDescription Invalid condition id : UX DEVICE CLASS RTOS Condition cause : null
2023-09-24 23:49:06,185 [WARN] ConditionMgr:438 - getConditionDescription Invalid condition id : UX DEVICE CLASS RTOS Condition cause : null
2023-09-24 23:49:06,187 [WARN] PackLoader:240 - Cannot read IP mode file for STMicroelectronics.X-CUBE-AZRTOS-WB.2.0.0
2023-09-24 23:49:06,187 [WARN] ConditionMgr:1039 - genDependencies : Invalid condition id : UX DEVICE CLASS RTOS Condition cause : null
2023-09-24 23:49:06,187 [WARN] ConditionMgr:1039 - genDependencies : Invalid condition id : UX DEVICE CLASS RTOS Condition cause : null
2023-09-24 23:49:06,187 [WARN] ConditionMgr:1039 - genDependencies : Invalid condition id : UX DEVICE CLASS RTOS Condition cause : null
2023-09-24 23:49:06,188 [WARN] ConditionMgr:1039 - genDependencies : Invalid condition id : UX DEVICE CLASS RTOS Condition cause : null
2023-09-24 23:49:06,188 [WARN] ConditionMgr:1039 - genDependencies : Invalid condition id : UX DEVICE CLASS RTOS Condition cause : null
2023-09-24 23:49:06,197 [WARN] PackLoader:240 - Cannot read IP mode file for STMicroelectronics.X-CUBE-FREERTOS.1.0.1
2023-09-24 23:49:06,214 [WARN] PackLoader:240 - Cannot read IP mode file for STMicroelectronics.X-CUBE-AZRTOS-L5.1.1.0
2023-09-24 23:49:06,223 [WARN] PackLoader:240 - Cannot read IP mode file for STMicroelectronics.X-CUBE-AI.8.0.1
2023-09-24 23:49:06,234 [WARN] PackLoader:240 - Cannot read IP mode file for STMicroelectronics.X-CUBE-SUBG2.5.0.0
2023-09-24 23:49:06,248 [WARN] PackLoader:240 - Cannot read IP mode file for STMicroelectronics.X-CUBE-TOF1.3.3.1
2023-09-24 23:49:06,270 [WARN] PackLoader:240 - Cannot read IP mode file for STMicroelectronics.X-CUBE-AZRTOS-G4.2.0.0
2023-09-24 23:49:06,280 [WARN] PackLoader:240 - Cannot read IP mode file for STMicroelectronics.X-CUBE-FREERTOS.1.1.0
2023-09-24 23:49:06,291 [WARN] PackLoader:240 - Cannot read IP mode file for portGmbH.I-Cube-SoM-uGOAL.1.1.0
2023-09-24 23:49:06,300 [WARN] PackLoader:240 - Cannot read IP mode file for STMicroelectronics.X-CUBE-ALS.1.0.1
2023-09-24 23:49:06,316 [WARN] PackLoader:240 - Cannot read IP mode file for STMicroelectronics.X-CUBE-AZRTOS-WB.1.1.0
2023-09-24 23:49:06,326 [WARN] PackLoader:240 - Cannot read IP mode file for STMicroelectronics.FP-ATR-ASTRA1.2.0.0
2023-09-24 23:49:06,327 [INFO] ThirdParty:978 - Integrity check success = true
2023-09-24 23:49:06,327 [INFO] IntegrityCheckThread:100 - exiting critical section [integrity check]
2023-09-24 23:49:06,327 [INFO] IntegrityCheckThread:103 - End integrity checks thread
2023-09-24 23:49:22,631 [ERROR] LogOutputStream:75 - [STDERR_REDIRECT] SLF4J: Failed to load class "org.slf4j.impl.StaticLoggerBinder".
2023-09-24 23:49:22,631 [ERROR] LogOutputStream:75 - [STDERR_REDIRECT] SLF4J: Defaulting to no-operation (NOP) logger implementation
2023-09-24 23:49:22,632 [ERROR] LogOutputStream:75 - [STDERR_REDIRECT] SLF4J: See http://www.slf4j.org/codes.html#StaticLoggerBinder for further details.
2023-09-24 23:49:55,567 [INFO] McuFinderGlobals:63 - Set McuFinder mode to 2 (CubeIDE integrated)
2023-09-24 23:49:55,581 [INFO] MainUpdater:2868 - connection check result : 10
2023-09-24 23:49:55,593 [INFO] McuFinderGlobals:76 - Set McuFinderConnectedMode to true
2023-09-24 23:49:55,877 [INFO] ServerAccessManage:473 - Download File mcusAds.json._tmp_
2023-09-24 23:49:55,991 [INFO] LoadUrlFilesThread:156 - End of LoadUrlFiles Thread
2023-09-24 23:49:57,225 [INFO] ServerAccessManage:473 - Download File cube-finder-db.zip
2023-09-24 23:49:57,555 [INFO] FileExtend:240 - Unzip File : cube-finder-db.zip
2023-09-24 23:49:57,556 [INFO] FileExtend:255 - Standard Zip Deflate
2023-09-24 23:49:58,052 [INFO] LoadUrlFilesThread:156 - End of LoadUrlFiles Thread
2023-09-24 23:49:59,126 [INFO] ServerAccessManage:473 - Download File crdb.zip
2023-09-24 23:50:00,452 [INFO] FileExtend:240 - Unzip File : crdb.zip
2023-09-24 23:50:00,452 [INFO] FileExtend:255 - Standard Zip Deflate
2023-09-24 23:50:00,577 [INFO] LoadUrlFilesThread:156 - End of LoadUrlFiles Thread
2023-09-24 23:50:02,407 [INFO] ServerAccessManage:473 - Download File tutoVideoDB.zip
2023-09-24 23:50:02,415 [INFO] FileExtend:240 - Unzip File : tutoVideoDB.zip
2023-09-24 23:50:02,416 [INFO] FileExtend:255 - Standard Zip Deflate
2023-09-24 23:50:02,535 [INFO] LoadUrlFilesThread:156 - End of LoadUrlFiles Thread
2023-09-24 23:50:02,542 [WARN] DbFile:41 - Overriding database path with different value: C:\Users\Asus\.stmcufinder\plugins\mcufinder/ => C:\Users\Asus\.stmcufinder\plugins\mcufinder
2023-09-24 23:50:03,498 [INFO] ServerAccessManage:473 - Download File api_config.json
2023-09-24 23:50:03,610 [INFO] LoadUrlFilesThread:156 - End of LoadUrlFiles Thread
2023-09-24 23:50:03,610 [INFO] DbMcusAds:53 - JSON generation date=Tue Mar 07 15:50:55 ICT 2023 (1678179055114)
2023-09-24 23:50:03,622 [INFO] LoadUrlFilesThread:185 - End of LoadServerUrlFiles without Thread
2023-09-24 23:50:03,622 [INFO] TargetSelectorAdapter:259 - Refresh data is successful
2023-09-24 23:50:03,729 [INFO] ApiDb:581 - Connected to CubeFinder SQLite database (C:\Users\Asus\.stmcufinder\plugins\mcufinder\mcu\cube-finder-db.db)
2023-09-24 23:50:03,773 [INFO] ApiDb:668 - CubeFinder database Data Model version=2.1
2023-09-24 23:50:03,773 [INFO] ApiDb:669 - CubeFinder database Configuration version=3.0.37
2023-09-24 23:50:03,773 [INFO] ApiDb:670 - CubeFinder database generation date=2023-08-09 (1691586011)
2023-09-24 23:50:03,773 [INFO] ApiDb:671 - CubeFinder database FW Pack versions=[FP-ATR-ASTRA1_V2.0.0, FP-SNS-FLIGHT1_V5.0.1, FP-SNS-FLIGHT1_V5.0.2, FP-SNS-MOTENV1_V4.3.1, FP-SNS-MOTENV1_V4.3.2, STM32Cube_FW_C0_V1.1.0, STM32Cube_FW_F4_V1.27.1, STM32Cube_FW_F7_V1.17.0, STM32Cube_FW_G0_V1.6.1, STM32Cube_FW_G4_V1.5.1, STM32Cube_FW_H5_V0.5.1, STM32Cube_FW_H5_V1.1.0, STM32Cube_FW_H7_V1.11.0, STM32Cube_FW_L0_V1.12.2, STM32Cube_FW_L5_V1.5.0, STM32Cube_FW_U5_V1.3.0, STM32Cube_FW_U5_V1.3.0RC4, STM32Cube_FW_WBA_V1.0.0RC1, STM32Cube_FW_WBA_V1.1.0, STM32Cube_FW_WBA_V1.1.0RC1, STM32Cube_FW_WB_V1.15.0RC1, STM32Cube_FW_WB_V1.16.0, STM32Cube_FW_WB_V1.16.0RC2, STM32Cube_FW_WB_V1.17.0, STM32Cube_FW_WL_V1.3.0, X-CUBE-ALGOBUILD_V1.3.0, X-CUBE-ALS_V1.0.1, X-CUBE-AZRTOS-F4_V1.1.0, X-CUBE-AZRTOS-F7_V1.1.0, X-CUBE-AZRTOS-G0_V1.1.0, X-CUBE-AZRTOS-G4_V2.0.0, X-CUBE-AZRTOS-H7_V3.1.0, X-CUBE-AZRTOS-L4_V1.0.0, X-CUBE-AZRTOS-L4_V2.0.0, X-CUBE-AZRTOS-L5_V1.1.0, X-CUBE-AZRTOS-WB_V1.1.0, X-CUBE-AZRTOS-WL_V2.0.0, X-CUBE-BLE1_V7.0.0, X-CUBE-BLE2_V3.3.0, X-CUBE-BLEMGR_V2.0.0, X-CUBE-EEPRMA1_V4.1.0, X-CUBE-FREERTOS_V1.1.0, X-CUBE-GNSS1_V6.0.0, X-CUBE-MEMS1_V9.1.0, X-CUBE-MEMS1_V9.4.0, X-CUBE-MEMS1_V9.6.0, X-CUBE-NFC4_V3.0.0, X-CUBE-NFC7_V1.0.0, X-CUBE-SFXS2LP1_V4.0.0, X-CUBE-SUBG2_V5.0.0, X-CUBE-TOF1_V3.3.1]
2023-09-24 23:50:04,957 [INFO] ApiDb:240 - Found 323 in-development CPN: [B-G473E-ZEST1S, B-WB1M-WPAN1, B-WL5M-SUBG1, NUCLEO-C031C6, NUCLEO-H503RB, NUCLEO-H563ZI, NUCLEO-U545RE-Q, NUCLEO-U5A5ZJ-Q, NUCLEO-WBA52CG, STEVAL-PROTEUS1, STEVAL-SMARTAG2, STEVAL-STWINBX1, STM320518-EVAL, STM32C0116-DK, STM32C011D6Y3TR, STM32C011D6Y6TR, STM32C011F4P3, STM32C011F4P6, STM32C011F4U3, STM32C011F4U6TR, STM32C011F6P3, STM32C011F6P6, STM32C011F6U3, STM32C011F6U6TR, STM32C011J4M3, STM32C011J4M6, STM32C011J6M3, STM32C011J6M6, STM32C0316-DK, STM32C031C4T3, STM32C031C4T6, STM32C031C4U3, STM32C031C4U6, STM32C031C6T3, STM32C031C6T6, STM32C031C6U3, STM32C031C6U6, STM32C031F4P3, STM32C031F4P6, STM32C031F6P3, STM32C031F6P6, STM32C031G4U3, STM32C031G4U6, STM32C031G6U3, STM32C031G6U6, STM32C031K4T3, STM32C031K4T6, STM32C031K4U3, STM32C031K4U6, STM32C031K6T3, STM32C031K6T6, STM32C031K6U3, STM32C031K6U6, STM32G071K8TXN, STM32G071K8UXN, STM32G081GBU6N, STM32G081KBT6N, STM32G081KBUXN, STM32G0B1CCT6N, STM32G0B1KCT6, STM32G0B1NEY6TR, STM32G0B1RCT6N, STM32G0C1CCT6, STM32G0C1CCT6N, STM32G0C1CCU6N, STM32G0C1CET6N, STM32G0C1CEU6N, STM32G0C1KCT6, STM32G0C1NEY6TR, STM32G0C1RCI6N, STM32G0C1RCT6N, STM32G0C1REI6N, STM32G0C1RET6N, STM32G0C1VCI6, STM32G0C1VEI6, STM32G471CCT6, STM32G471CCU6, STM32G471CET3, STM32G471CET6, STM32G471CEU3, STM32G471CEU6, STM32G471MCT6, STM32G471MET3, STM32G471MET6, STM32G471MEY6TR, STM32G471QCT6, STM32G471QET3, STM32G471RCT6, STM32G471RET3, STM32G471RET6, STM32G471VCH6, STM32G471VCI6, STM32G471VCT6, STM32G471VEH3, STM32G471VEH6, STM32G471VEI3, STM32G471VEI6, STM32G471VET3, STM32G471VET6, STM32G474CCT6, STM32H503CBT6, STM32H503CBU6, STM32H503EBY6TR, STM32H503KBU6, STM32H503RBT6, STM32H562AGI6, STM32H562AII6, STM32H562IGK6, STM32H562IGT6, STM32H562IIK6, STM32H562IIT6, STM32H562RGT6, STM32H562RGV6, STM32H562RIT6, STM32H562RIV6, STM32H562VGT6, STM32H562VIT6, STM32H562ZGT6, STM32H562ZIT6, STM32H563AGI6, STM32H563AII3Q, STM32H563AII6, STM32H563IGK6, STM32H563IGT6, STM32H563IIK3Q, STM32H563IIK6, STM32H563IIT3Q, STM32H563IIT6, STM32H563MIY3QTR, STM32H563RGT6, STM32H563RGV6, STM32H563RIT6, STM32H563RIV6, STM32H563VGT6, STM32H563VIT3Q, STM32H563VIT6, STM32H563ZGT6, STM32H563ZIT3Q, STM32H563ZIT6, STM32H573AII3Q, STM32H573AII6, STM32H573I-DK, STM32H573IIK3Q, STM32H573IIK6, STM32H573IIT3Q, STM32H573IIT6, STM32H573MIY3QTR, STM32H573RIT6, STM32H573RIV6, STM32H573VIT3Q, STM32H573VIT6, STM32H573ZIT3Q, STM32H573ZIT6, STM32L4R5QGI6STR, STM32MP131AAE3, STM32MP131AAF3, STM32MP131AAG3, STM32MP131CAE3, STM32MP131CAF3, STM32MP131CAG3, STM32MP131DAE7, STM32MP131DAF7, STM32MP131DAG7, STM32MP131FAE7, STM32MP131FAF7, STM32MP131FAG7, STM32MP133AAE3, STM32MP133AAF3, STM32MP133AAG3, STM32MP133CAE3, STM32MP133CAF3, STM32MP133CAG3, STM32MP133DAE7, STM32MP133DAF7, STM32MP133DAG7, STM32MP133FAE7, STM32MP133FAF7, STM32MP133FAG7, STM32MP135AAE3, STM32MP135AAF3, STM32MP135AAG3, STM32MP135CAE3, STM32MP135CAF3, STM32MP135CAG3, STM32MP135DAE7, STM32MP135DAF7, STM32MP135DAG7, STM32MP135F-DK, STM32MP135FAE7, STM32MP135FAF7, STM32MP135FAF7T, STM32MP135FAF7U, STM32MP135FAG7, STM32U535CBT6, STM32U535CBT6Q, STM32U535CBU6, STM32U535CBU6Q, STM32U535CCT6, STM32U535CCT6Q, STM32U535CCU6, STM32U535CCU6Q, STM32U535CET6, STM32U535CET6Q, STM32U535CEU6, STM32U535CEU6Q, STM32U535JEY6QTR, STM32U535NCY6QTR, STM32U535NEY6QTR, STM32U535RBI6, STM32U535RBI6Q, STM32U535RBT6, STM32U535RBT6Q, STM32U535RCI6, STM32U535RCI6Q, STM32U535RCT6, STM32U535RCT6Q, STM32U535REI6, STM32U535REI6Q, STM32U535RET6, STM32U535RET6Q, STM32U535VCI6, STM32U535VCI6Q, STM32U535VCT6, STM32U535VCT6Q, STM32U535VEI6, STM32U535VEI6Q, STM32U535VET6, STM32U535VET6Q, STM32U545CET6, STM32U545CET6Q, STM32U545CEU6, STM32U545CEU6Q, STM32U545JEY6QTR, STM32U545NEY6QTR, STM32U545REI6, STM32U545REI6Q, STM32U545RET6, STM32U545RET6Q, STM32U545VEI6, STM32U545VEI6Q, STM32U545VET6, STM32U545VET6Q, STM32U595AIH6, STM32U595AIH6Q, STM32U595AJH6, STM32U595AJH6Q, STM32U595QII6, STM32U595QII6Q, STM32U595QJI6, STM32U595QJI6Q, STM32U595RIT6, STM32U595RIT6Q, STM32U595RJT6, STM32U595RJT6Q, STM32U595VIT6, STM32U595VIT6Q, STM32U595VJT6, STM32U595VJT6Q, STM32U595ZIT6, STM32U595ZIT6Q, STM32U595ZIY6QTR, STM32U595ZJT6, STM32U595ZJT6Q, STM32U595ZJY6QTR, STM32U599BJY6QTR, STM32U599NIH6Q, STM32U599NJH6Q, STM32U599VIT6Q, STM32U599VJT6, STM32U599VJT6Q, STM32U599ZIT6Q, STM32U599ZIY6QTR, STM32U599ZJT6Q, STM32U599ZJY6QTR, STM32U5A5AJH6, STM32U5A5AJH6Q, STM32U5A5QJI6, STM32U5A5QJI6Q, STM32U5A5RJT6, STM32U5A5RJT6Q, STM32U5A5VJT6, STM32U5A5VJT6Q, STM32U5A5ZJT6, STM32U5A5ZJT6Q, STM32U5A5ZJY6QTR, STM32U5A9BJY6QTR, STM32U5A9J-DK, STM32U5A9NJH6Q, STM32U5A9VJT6Q, STM32U5A9ZJT6Q, STM32U5A9ZJY6QTR, STM32U5F7VIT6, STM32U5F7VIT6Q, STM32U5F7VJT6, STM32U5F7VJT6Q, STM32U5F9BJY6QTR, STM32U5F9NJH6Q, STM32U5F9VIT6Q, STM32U5F9VJT6Q, STM32U5F9ZIJ6QTR, STM32U5F9ZIT6Q, STM32U5F9ZJJ6QTR, STM32U5F9ZJT6Q, STM32U5G7VJT6, STM32U5G7VJT6Q, STM32U5G9BJY6QTR, STM32U5G9J-DK1, STM32U5G9J-DK2, STM32U5G9NJH6Q, STM32U5G9VJT6Q, STM32U5G9ZJJ6QTR, STM32U5G9ZJT6Q, STM32WB1MMCH6, STM32WBA52CEU6, STM32WBA52CEU6T, STM32WBA52CGU6, STM32WBA52CGU6T, STM32WBA52KEU6, STM32WBA52KEU6T, STM32WBA52KGU6, STM32WBA52KGU6T, STM32WL5MOCH6, STM32WL5MOCH6TR]
2023-09-24 23:50:04,961 [INFO] DbMcus:217 - Found 3848 MCUs, 3848 are supported
2023-09-24 23:50:04,966 [INFO] ApiDb:423 - Load user favorites file C:\Users\Asus/.stm32cubeide/favorites.mcus.txt: 1 item(s)
2023-09-24 23:50:04,966 [INFO] ApiDb:427 - User favorites MCUs=[STM32F767ZIT6]
2023-09-24 23:50:04,967 [INFO] DbMcus:223 - Set 1 / 1 favorites MCUs
2023-09-24 23:50:05,118 [INFO] ApiDb:668 - CubeFinder database Data Model version=2.1
2023-09-24 23:50:05,118 [INFO] ApiDb:669 - CubeFinder database Configuration version=3.0.37
2023-09-24 23:50:05,118 [INFO] ApiDb:670 - CubeFinder database generation date=2023-08-09 (1691586011)
2023-09-24 23:50:05,118 [INFO] ApiDb:671 - CubeFinder database FW Pack versions=[FP-ATR-ASTRA1_V2.0.0, FP-SNS-FLIGHT1_V5.0.1, FP-SNS-FLIGHT1_V5.0.2, FP-SNS-MOTENV1_V4.3.1, FP-SNS-MOTENV1_V4.3.2, STM32Cube_FW_C0_V1.1.0, STM32Cube_FW_F4_V1.27.1, STM32Cube_FW_F7_V1.17.0, STM32Cube_FW_G0_V1.6.1, STM32Cube_FW_G4_V1.5.1, STM32Cube_FW_H5_V0.5.1, STM32Cube_FW_H5_V1.1.0, STM32Cube_FW_H7_V1.11.0, STM32Cube_FW_L0_V1.12.2, STM32Cube_FW_L5_V1.5.0, STM32Cube_FW_U5_V1.3.0, STM32Cube_FW_U5_V1.3.0RC4, STM32Cube_FW_WBA_V1.0.0RC1, STM32Cube_FW_WBA_V1.1.0, STM32Cube_FW_WBA_V1.1.0RC1, STM32Cube_FW_WB_V1.15.0RC1, STM32Cube_FW_WB_V1.16.0, STM32Cube_FW_WB_V1.16.0RC2, STM32Cube_FW_WB_V1.17.0, STM32Cube_FW_WL_V1.3.0, X-CUBE-ALGOBUILD_V1.3.0, X-CUBE-ALS_V1.0.1, X-CUBE-AZRTOS-F4_V1.1.0, X-CUBE-AZRTOS-F7_V1.1.0, X-CUBE-AZRTOS-G0_V1.1.0, X-CUBE-AZRTOS-G4_V2.0.0, X-CUBE-AZRTOS-H7_V3.1.0, X-CUBE-AZRTOS-L4_V1.0.0, X-CUBE-AZRTOS-L4_V2.0.0, X-CUBE-AZRTOS-L5_V1.1.0, X-CUBE-AZRTOS-WB_V1.1.0, X-CUBE-AZRTOS-WL_V2.0.0, X-CUBE-BLE1_V7.0.0, X-CUBE-BLE2_V3.3.0, X-CUBE-BLEMGR_V2.0.0, X-CUBE-EEPRMA1_V4.1.0, X-CUBE-FREERTOS_V1.1.0, X-CUBE-GNSS1_V6.0.0, X-CUBE-MEMS1_V9.1.0, X-CUBE-MEMS1_V9.4.0, X-CUBE-MEMS1_V9.6.0, X-CUBE-NFC4_V3.0.0, X-CUBE-NFC7_V1.0.0, X-CUBE-SFXS2LP1_V4.0.0, X-CUBE-SUBG2_V5.0.0, X-CUBE-TOF1_V3.3.1]
2023-09-24 23:50:05,158 [INFO] DbBoardsSqlite:226 - include board P-NUCLEO-WB55-NUCLEO as a kit item of type 'Nucleo-64'
2023-09-24 23:50:05,158 [INFO] DbBoardsSqlite:226 - include board P-NUCLEO-WB55-USBDONGLE as a kit item of type 'Nucleo USB Dongle'
2023-09-24 23:50:05,158 [INFO] DbBoardsSqlite:226 - include board STEVAL-IDP005V1 as a kit item of type 'Evaluation Board'
2023-09-24 23:50:05,158 [INFO] DbBoardsSqlite:226 - include board STEVAL-IDP005V2 as a kit item of type 'Evaluation Board'
2023-09-24 23:50:05,192 [INFO] ApiDb:240 - Found 323 in-development CPN: [B-G473E-ZEST1S, B-WB1M-WPAN1, B-WL5M-SUBG1, NUCLEO-C031C6, NUCLEO-H503RB, NUCLEO-H563ZI, NUCLEO-U545RE-Q, NUCLEO-U5A5ZJ-Q, NUCLEO-WBA52CG, STEVAL-PROTEUS1, STEVAL-SMARTAG2, STEVAL-STWINBX1, STM320518-EVAL, STM32C0116-DK, STM32C011D6Y3TR, STM32C011D6Y6TR, STM32C011F4P3, STM32C011F4P6, STM32C011F4U3, STM32C011F4U6TR, STM32C011F6P3, STM32C011F6P6, STM32C011F6U3, STM32C011F6U6TR, STM32C011J4M3, STM32C011J4M6, STM32C011J6M3, STM32C011J6M6, STM32C0316-DK, STM32C031C4T3, STM32C031C4T6, STM32C031C4U3, STM32C031C4U6, STM32C031C6T3, STM32C031C6T6, STM32C031C6U3, STM32C031C6U6, STM32C031F4P3, STM32C031F4P6, STM32C031F6P3, STM32C031F6P6, STM32C031G4U3, STM32C031G4U6, STM32C031G6U3, STM32C031G6U6, STM32C031K4T3, STM32C031K4T6, STM32C031K4U3, STM32C031K4U6, STM32C031K6T3, STM32C031K6T6, STM32C031K6U3, STM32C031K6U6, STM32G071K8TXN, STM32G071K8UXN, STM32G081GBU6N, STM32G081KBT6N, STM32G081KBUXN, STM32G0B1CCT6N, STM32G0B1KCT6, STM32G0B1NEY6TR, STM32G0B1RCT6N, STM32G0C1CCT6, STM32G0C1CCT6N, STM32G0C1CCU6N, STM32G0C1CET6N, STM32G0C1CEU6N, STM32G0C1KCT6, STM32G0C1NEY6TR, STM32G0C1RCI6N, STM32G0C1RCT6N, STM32G0C1REI6N, STM32G0C1RET6N, STM32G0C1VCI6, STM32G0C1VEI6, STM32G471CCT6, STM32G471CCU6, STM32G471CET3, STM32G471CET6, STM32G471CEU3, STM32G471CEU6, STM32G471MCT6, STM32G471MET3, STM32G471MET6, STM32G471MEY6TR, STM32G471QCT6, STM32G471QET3, STM32G471RCT6, STM32G471RET3, STM32G471RET6, STM32G471VCH6, STM32G471VCI6, STM32G471VCT6, STM32G471VEH3, STM32G471VEH6, STM32G471VEI3, STM32G471VEI6, STM32G471VET3, STM32G471VET6, STM32G474CCT6, STM32H503CBT6, STM32H503CBU6, STM32H503EBY6TR, STM32H503KBU6, STM32H503RBT6, STM32H562AGI6, STM32H562AII6, STM32H562IGK6, STM32H562IGT6, STM32H562IIK6, STM32H562IIT6, STM32H562RGT6, STM32H562RGV6, STM32H562RIT6, STM32H562RIV6, STM32H562VGT6, STM32H562VIT6, STM32H562ZGT6, STM32H562ZIT6, STM32H563AGI6, STM32H563AII3Q, STM32H563AII6, STM32H563IGK6, STM32H563IGT6, STM32H563IIK3Q, STM32H563IIK6, STM32H563IIT3Q, STM32H563IIT6, STM32H563MIY3QTR, STM32H563RGT6, STM32H563RGV6, STM32H563RIT6, STM32H563RIV6, STM32H563VGT6, STM32H563VIT3Q, STM32H563VIT6, STM32H563ZGT6, STM32H563ZIT3Q, STM32H563ZIT6, STM32H573AII3Q, STM32H573AII6, STM32H573I-DK, STM32H573IIK3Q, STM32H573IIK6, STM32H573IIT3Q, STM32H573IIT6, STM32H573MIY3QTR, STM32H573RIT6, STM32H573RIV6, STM32H573VIT3Q, STM32H573VIT6, STM32H573ZIT3Q, STM32H573ZIT6, STM32L4R5QGI6STR, STM32MP131AAE3, STM32MP131AAF3, STM32MP131AAG3, STM32MP131CAE3, STM32MP131CAF3, STM32MP131CAG3, STM32MP131DAE7, STM32MP131DAF7, STM32MP131DAG7, STM32MP131FAE7, STM32MP131FAF7, STM32MP131FAG7, STM32MP133AAE3, STM32MP133AAF3, STM32MP133AAG3, STM32MP133CAE3, STM32MP133CAF3, STM32MP133CAG3, STM32MP133DAE7, STM32MP133DAF7, STM32MP133DAG7, STM32MP133FAE7, STM32MP133FAF7, STM32MP133FAG7, STM32MP135AAE3, STM32MP135AAF3, STM32MP135AAG3, STM32MP135CAE3, STM32MP135CAF3, STM32MP135CAG3, STM32MP135DAE7, STM32MP135DAF7, STM32MP135DAG7, STM32MP135F-DK, STM32MP135FAE7, STM32MP135FAF7, STM32MP135FAF7T, STM32MP135FAF7U, STM32MP135FAG7, STM32U535CBT6, STM32U535CBT6Q, STM32U535CBU6, STM32U535CBU6Q, STM32U535CCT6, STM32U535CCT6Q, STM32U535CCU6, STM32U535CCU6Q, STM32U535CET6, STM32U535CET6Q, STM32U535CEU6, STM32U535CEU6Q, STM32U535JEY6QTR, STM32U535NCY6QTR, STM32U535NEY6QTR, STM32U535RBI6, STM32U535RBI6Q, STM32U535RBT6, STM32U535RBT6Q, STM32U535RCI6, STM32U535RCI6Q, STM32U535RCT6, STM32U535RCT6Q, STM32U535REI6, STM32U535REI6Q, STM32U535RET6, STM32U535RET6Q, STM32U535VCI6, STM32U535VCI6Q, STM32U535VCT6, STM32U535VCT6Q, STM32U535VEI6, STM32U535VEI6Q, STM32U535VET6, STM32U535VET6Q, STM32U545CET6, STM32U545CET6Q, STM32U545CEU6, STM32U545CEU6Q, STM32U545JEY6QTR, STM32U545NEY6QTR, STM32U545REI6, STM32U545REI6Q, STM32U545RET6, STM32U545RET6Q, STM32U545VEI6, STM32U545VEI6Q, STM32U545VET6, STM32U545VET6Q, STM32U595AIH6, STM32U595AIH6Q, STM32U595AJH6, STM32U595AJH6Q, STM32U595QII6, STM32U595QII6Q, STM32U595QJI6, STM32U595QJI6Q, STM32U595RIT6, STM32U595RIT6Q, STM32U595RJT6, STM32U595RJT6Q, STM32U595VIT6, STM32U595VIT6Q, STM32U595VJT6, STM32U595VJT6Q, STM32U595ZIT6, STM32U595ZIT6Q, STM32U595ZIY6QTR, STM32U595ZJT6, STM32U595ZJT6Q, STM32U595ZJY6QTR, STM32U599BJY6QTR, STM32U599NIH6Q, STM32U599NJH6Q, STM32U599VIT6Q, STM32U599VJT6, STM32U599VJT6Q, STM32U599ZIT6Q, STM32U599ZIY6QTR, STM32U599ZJT6Q, STM32U599ZJY6QTR, STM32U5A5AJH6, STM32U5A5AJH6Q, STM32U5A5QJI6, STM32U5A5QJI6Q, STM32U5A5RJT6, STM32U5A5RJT6Q, STM32U5A5VJT6, STM32U5A5VJT6Q, STM32U5A5ZJT6, STM32U5A5ZJT6Q, STM32U5A5ZJY6QTR, STM32U5A9BJY6QTR, STM32U5A9J-DK, STM32U5A9NJH6Q, STM32U5A9VJT6Q, STM32U5A9ZJT6Q, STM32U5A9ZJY6QTR, STM32U5F7VIT6, STM32U5F7VIT6Q, STM32U5F7VJT6, STM32U5F7VJT6Q, STM32U5F9BJY6QTR, STM32U5F9NJH6Q, STM32U5F9VIT6Q, STM32U5F9VJT6Q, STM32U5F9ZIJ6QTR, STM32U5F9ZIT6Q, STM32U5F9ZJJ6QTR, STM32U5F9ZJT6Q, STM32U5G7VJT6, STM32U5G7VJT6Q, STM32U5G9BJY6QTR, STM32U5G9J-DK1, STM32U5G9J-DK2, STM32U5G9NJH6Q, STM32U5G9VJT6Q, STM32U5G9ZJJ6QTR, STM32U5G9ZJT6Q, STM32WB1MMCH6, STM32WBA52CEU6, STM32WBA52CEU6T, STM32WBA52CGU6, STM32WBA52CGU6T, STM32WBA52KEU6, STM32WBA52KEU6T, STM32WBA52KGU6, STM32WBA52KGU6T, STM32WL5MOCH6, STM32WL5MOCH6TR]
2023-09-24 23:50:05,248 [INFO] BoardInfo:880 - No configuration file found for board P-NUCLEO-WB55
2023-09-24 23:50:05,248 [INFO] DbBoards:157 - Kit is not supported: P-NUCLEO-WB55
2023-09-24 23:50:05,251 [INFO] BoardInfo:880 - No configuration file found for board STEVAL-BFA001V1B
2023-09-24 23:50:05,251 [INFO] DbBoards:157 - Kit is not supported: STEVAL-BFA001V1B
2023-09-24 23:50:05,252 [INFO] BoardInfo:880 - No configuration file found for board STEVAL-BFA001V2B
2023-09-24 23:50:05,252 [INFO] DbBoards:157 - Kit is not supported: STEVAL-BFA001V2B
2023-09-24 23:50:05,313 [INFO] DbBoards:161 - Found 190 boards, 187 are supported
2023-09-24 23:50:05,319 [INFO] ApiDb:423 - Load user favorites file C:\Users\Asus/.stm32cubeide/favorites.boards.txt: 1 item(s)
2023-09-24 23:50:05,319 [INFO] ApiDb:427 - User favorites Boards=[NUCLEO-F767ZI]
2023-09-24 23:50:05,319 [INFO] DbBoards:190 - Set 1 / 1 favorites Boards
2023-09-24 23:50:05,321 [INFO] ApiDb:668 - CubeFinder database Data Model version=2.1
2023-09-24 23:50:05,321 [INFO] ApiDb:669 - CubeFinder database Configuration version=3.0.37
2023-09-24 23:50:05,321 [INFO] ApiDb:670 - CubeFinder database generation date=2023-08-09 (1691586011)
2023-09-24 23:50:05,321 [INFO] ApiDb:671 - CubeFinder database FW Pack versions=[FP-ATR-ASTRA1_V2.0.0, FP-SNS-FLIGHT1_V5.0.1, FP-SNS-FLIGHT1_V5.0.2, FP-SNS-MOTENV1_V4.3.1, FP-SNS-MOTENV1_V4.3.2, STM32Cube_FW_C0_V1.1.0, STM32Cube_FW_F4_V1.27.1, STM32Cube_FW_F7_V1.17.0, STM32Cube_FW_G0_V1.6.1, STM32Cube_FW_G4_V1.5.1, STM32Cube_FW_H5_V0.5.1, STM32Cube_FW_H5_V1.1.0, STM32Cube_FW_H7_V1.11.0, STM32Cube_FW_L0_V1.12.2, STM32Cube_FW_L5_V1.5.0, STM32Cube_FW_U5_V1.3.0, STM32Cube_FW_U5_V1.3.0RC4, STM32Cube_FW_WBA_V1.0.0RC1, STM32Cube_FW_WBA_V1.1.0, STM32Cube_FW_WBA_V1.1.0RC1, STM32Cube_FW_WB_V1.15.0RC1, STM32Cube_FW_WB_V1.16.0, STM32Cube_FW_WB_V1.16.0RC2, STM32Cube_FW_WB_V1.17.0, STM32Cube_FW_WL_V1.3.0, X-CUBE-ALGOBUILD_V1.3.0, X-CUBE-ALS_V1.0.1, X-CUBE-AZRTOS-F4_V1.1.0, X-CUBE-AZRTOS-F7_V1.1.0, X-CUBE-AZRTOS-G0_V1.1.0, X-CUBE-AZRTOS-G4_V2.0.0, X-CUBE-AZRTOS-H7_V3.1.0, X-CUBE-AZRTOS-L4_V1.0.0, X-CUBE-AZRTOS-L4_V2.0.0, X-CUBE-AZRTOS-L5_V1.1.0, X-CUBE-AZRTOS-WB_V1.1.0, X-CUBE-AZRTOS-WL_V2.0.0, X-CUBE-BLE1_V7.0.0, X-CUBE-BLE2_V3.3.0, X-CUBE-BLEMGR_V2.0.0, X-CUBE-EEPRMA1_V4.1.0, X-CUBE-FREERTOS_V1.1.0, X-CUBE-GNSS1_V6.0.0, X-CUBE-MEMS1_V9.1.0, X-CUBE-MEMS1_V9.4.0, X-CUBE-MEMS1_V9.6.0, X-CUBE-NFC4_V3.0.0, X-CUBE-NFC7_V1.0.0, X-CUBE-SFXS2LP1_V4.0.0, X-CUBE-SUBG2_V5.0.0, X-CUBE-TOF1_V3.3.1]
2023-09-24 23:50:05,844 [INFO] DbExamplesSqlite:395 - Ignored 27 examples not supported by CubeIDE
2023-09-24 23:50:05,845 [INFO] DbExamplesSqlite:396 - Found 7231 examples active
2023-09-24 23:50:05,845 [INFO] DbExamplesSqlite:397 - Found 677 examples obsolete
2023-09-24 23:50:05,845 [INFO] DbExamplesSqlite:398 - Found 0 examples under development
2023-09-24 23:50:05,845 [INFO] DbExamplesSqlite:399 - Found 74 examples not building
2023-09-24 23:50:05,847 [INFO] DbExamples:125 - Found 7278 examples
2023-09-24 23:50:05,856 [INFO] DbExamples:222 - Found 92 boards with related examples
2023-09-24 23:50:05,857 [INFO] DbExamples:235 - Found 78 MCUs with related examples
2023-09-24 23:50:05,875 [INFO] ApiDb:414 - User favorites file not found: C:\Users\Asus/.stm32cubeide/favorites.examples.txt
2023-09-24 23:50:05,875 [INFO] DbExamples:250 - Set 0 / 0 favorites Examples
2023-09-24 23:50:06,185 [INFO] McuFinderGlobals:76 - Set McuFinderConnectedMode to true
2023-09-24 23:50:06,194 [INFO] MultiScanPanel:200 - Auto-refresh data requested => check proxy status ongoing
2023-09-24 23:50:06,197 [INFO] FinderPluginLoader:95 - Searching for filters in installed packs
2023-09-24 23:50:07,265 [INFO] LoadUrlFilesThread:185 - End of LoadServerUrlFiles without Thread
2023-09-24 23:50:07,270 [INFO] DetailPanel:341 - Set advertising image to C:/Users/Asus/STM32Cube/Repository/\en.prom-stm32h5-mcu-finder.jpg
2023-09-24 23:50:17,310 [INFO] McuResultTable:1395 - Unmark MCU STM32F767ZIT6 as favorite
2023-09-24 23:50:18,107 [INFO] McuResultTable:1395 - Mark MCU STM32F767ZIT6 as favorite
2023-09-24 23:50:26,854 [INFO] MainUpdater:2868 - connection check result : 10
2023-09-24 23:50:26,855 [INFO] MainUpdater:2868 - connection check result : 10
2023-09-24 23:50:27,942 [INFO] MicroXplorer:468 - Change Database Path : 
2023-09-24 23:50:27,942 [INFO] MicroXplorer:498 - Change Database Version : DB.6.0.90
2023-09-24 23:50:27,944 [WARN] ThirdParty:871 - waiting for thirdparty lock release [close project]
2023-09-24 23:50:27,944 [INFO] ThirdParty:873 - entering critical section [close project]
2023-09-24 23:50:27,945 [INFO] ThirdParty:883 - exiting critical section [close project]
2023-09-24 23:50:27,945 [INFO] PinOutPanel:1499 - setPackage(No Configuration,No Configuration)
2023-09-24 23:50:27,948 [INFO] UtilMem:75 - Begin LoadConfig() Used Memory: 521270632 Bytes (816840704)
2023-09-24 23:50:27,949 [INFO] MicroXplorer:468 - Change Database Path : 
2023-09-24 23:50:27,949 [INFO] MicroXplorer:498 - Change Database Version : DB.6.0.90
2023-09-24 23:50:27,949 [INFO] OpenFileManager:308 - Change cursor
2023-09-24 23:50:27,975 [INFO] Mcu:1946 - Initializing MCU STM32F767ZITx STM32F767ZITx STM32F767ZIT6
2023-09-24 23:50:30,319 [INFO] Context:659 - Trying to add GPIOservice into a context  which must be forbidden
2023-09-24 23:50:30,847 [INFO] ImportTextPane:194 - (OptionalMessage_ERROR) Unable to find key (Mcu.ThirdPartyNb) in loaded IOC file
2023-09-24 23:50:30,847 [INFO] ImportTextPane:194 - (OptionalMessage_ERROR) Unable to find key (Mcu.PinsNb) in loaded IOC file
2023-09-24 23:50:30,847 [INFO] ImportTextPane:194 - (OptionalMessage_ERROR) Unable to find key (Mcu.IPNb) in loaded IOC file
2023-09-24 23:50:31,029 [INFO] RtosManager:555 - Registered RTOS mode: class=CMSIS, group=RTOS, mode=CMSIS_V1, owner=FREERTOS
2023-09-24 23:50:31,029 [INFO] RtosManager:555 - Registered RTOS mode: class=CMSIS, group=RTOS2, mode=CMSIS_V2, owner=FREERTOS
2023-09-24 23:50:31,029 [INFO] RtosManager:555 - Registered RTOS mode: class=RTOS, group=Core, mode=CMSIS_V1, owner=FREERTOS
2023-09-24 23:50:31,029 [INFO] RtosManager:555 - Registered RTOS mode: class=RTOS, group=Core, mode=CMSIS_V2, owner=FREERTOS
2023-09-24 23:50:31,029 [WARN] ModelIntegratedComponent:184 - Missing modes for component STMicroelectronics:FreeRTOS:0.0.1:STMicroelectronics:RTOS:FreeRTOS:Core:::10.2.0:
2023-09-24 23:50:31,038 [WARN] ModelIntegratedComponent:63 - No mode defined for component null
2023-09-24 23:50:31,038 [WARN] ModelIntegratedComponent:63 - No mode defined for component null
2023-09-24 23:50:31,038 [WARN] ModelIntegratedComponent:63 - No mode defined for component null
2023-09-24 23:50:31,038 [WARN] ModelIntegratedComponent:63 - No mode defined for component null
2023-09-24 23:50:31,038 [WARN] ModelIntegratedComponent:63 - No mode defined for component null
2023-09-24 23:50:31,038 [WARN] ModelIntegratedComponent:63 - No mode defined for component null
2023-09-24 23:50:31,038 [WARN] ModelIntegratedComponent:63 - No mode defined for component null
2023-09-24 23:50:31,038 [WARN] ModelIntegratedComponent:63 - No mode defined for component null
2023-09-24 23:50:31,038 [WARN] ModelIntegratedComponent:63 - No mode defined for component null
2023-09-24 23:50:31,038 [WARN] ModelIntegratedComponent:63 - No mode defined for component null
2023-09-24 23:50:31,038 [WARN] ModelIntegratedComponent:63 - No mode defined for component null
2023-09-24 23:50:31,038 [WARN] ModelIntegratedComponent:63 - No mode defined for component null
2023-09-24 23:50:31,038 [WARN] ModelIntegratedComponent:63 - No mode defined for component null
2023-09-24 23:50:31,038 [WARN] ModelIntegratedComponent:63 - No mode defined for component null
2023-09-24 23:50:31,038 [WARN] ModelIntegratedComponent:63 - No mode defined for component null
2023-09-24 23:50:31,038 [WARN] ModelIntegratedComponent:63 - No mode defined for component null
2023-09-24 23:50:31,038 [WARN] ModelIntegratedComponent:63 - No mode defined for component null
2023-09-24 23:50:31,038 [WARN] ModelIntegratedComponent:63 - No mode defined for component null
2023-09-24 23:50:31,039 [WARN] ModelIntegratedComponent:63 - No mode defined for component null
2023-09-24 23:50:31,039 [WARN] ModelIntegratedComponent:63 - No mode defined for component null
2023-09-24 23:50:31,039 [WARN] ModelIntegratedComponent:63 - No mode defined for component null
2023-09-24 23:50:31,039 [WARN] ModelIntegratedComponent:63 - No mode defined for component null
2023-09-24 23:50:31,039 [WARN] ModelIntegratedComponent:63 - No mode defined for component null
2023-09-24 23:50:31,039 [WARN] ModelIntegratedComponent:63 - No mode defined for component null
2023-09-24 23:50:31,039 [WARN] ModelIntegratedComponent:63 - No mode defined for component null
2023-09-24 23:50:31,039 [WARN] ModelIntegratedComponent:63 - No mode defined for component null
2023-09-24 23:50:31,039 [WARN] ModelIntegratedComponent:63 - No mode defined for component null
2023-09-24 23:50:31,039 [WARN] ModelIntegratedComponent:63 - No mode defined for component null
2023-09-24 23:50:31,039 [WARN] ModelIntegratedComponent:63 - No mode defined for component null
2023-09-24 23:50:31,039 [WARN] ModelIntegratedComponent:63 - No mode defined for component null
2023-09-24 23:50:31,039 [WARN] ModelIntegratedComponent:63 - No mode defined for component null
2023-09-24 23:50:31,039 [WARN] ModelIntegratedComponent:63 - No mode defined for component null
2023-09-24 23:50:31,039 [WARN] ModelIntegratedComponent:63 - No mode defined for component null
2023-09-24 23:50:31,059 [INFO] ThirdPartyModel:298 - Start build external matchings
2023-09-24 23:50:31,294 [INFO] ThirdPartyModel:316 - End build external matchings
2023-09-24 23:50:31,775 [INFO] UtilMem:75 - End LoadConfig() Used Memory: 740435488 Bytes (1073741824)
2023-09-24 23:50:31,831 [WARN] ThirdParty:833 - waiting for thirdparty lock release [change project]
2023-09-24 23:50:31,832 [INFO] ThirdParty:835 - entering critical section [change project]
2023-09-24 23:50:31,833 [INFO] ThirdParty:1030 - CMSIS Pack Vendor :STMicroelectronics X-CUBE-ISPU 1.1.0
2023-09-24 23:50:31,833 [INFO] ThirdParty:1030 - CMSIS Pack Vendor :STMicroelectronics USBPD 4.1
2023-09-24 23:50:31,833 [INFO] ThirdParty:1030 - CMSIS Pack Vendor :STMicroelectronics X-CUBE-GNSS1 6.0.0
2023-09-24 23:50:31,833 [INFO] ThirdParty:1030 - CMSIS Pack Vendor :STMicroelectronics USB_HOST 2.0.0
2023-09-24 23:50:31,833 [INFO] ThirdParty:1030 - CMSIS Pack Vendor :STMicroelectronics X-CUBE-AZRTOS-F4 1.1.0
2023-09-24 23:50:31,833 [INFO] ThirdParty:1030 - CMSIS Pack Vendor :STMicroelectronics LIBJPEG 8.0.0
2023-09-24 23:50:31,833 [INFO] ThirdParty:1030 - CMSIS Pack Vendor :wolfSSL I-CUBE-wolfSSL 5.6.3
2023-09-24 23:50:31,833 [INFO] ThirdParty:1030 - CMSIS Pack Vendor :STMicroelectronics X-CUBE-SMBUS 2.1.0
2023-09-24 23:50:31,833 [INFO] ThirdParty:1030 - CMSIS Pack Vendor :STMicroelectronics USB_DEVICE 3.0.0
2023-09-24 23:50:31,833 [INFO] ThirdParty:1030 - CMSIS Pack Vendor :STMicroelectronics X-CUBE-AZRTOS-WB 2.0.0
2023-09-24 23:50:31,833 [INFO] ThirdParty:1030 - CMSIS Pack Vendor :STMicroelectronics X-CUBE-FREERTOS 1.0.1
2023-09-24 23:50:31,833 [INFO] ThirdParty:1030 - CMSIS Pack Vendor :STMicroelectronics X-CUBE-AZRTOS-F7 1.1.0
2023-09-24 23:50:31,833 [INFO] ThirdParty:1030 - CMSIS Pack Vendor :STMicroelectronics X-CUBE-AZRTOS-L5 2.0.0
2023-09-24 23:50:31,833 [INFO] ThirdParty:1030 - CMSIS Pack Vendor :STMicroelectronics USB_DEVICE 2.0.0
2023-09-24 23:50:31,833 [INFO] ThirdParty:1030 - CMSIS Pack Vendor :STMicroelectronics X-CUBE-MEMS1 9.6.0
2023-09-24 23:50:31,833 [INFO] ThirdParty:1030 - CMSIS Pack Vendor :STMicroelectronics FP-SNS-MOTENV1 4.3.2
2023-09-24 23:50:31,833 [INFO] ThirdParty:1030 - CMSIS Pack Vendor :STMicroelectronics X-CUBE-ALGOBUILD 1.3.0
2023-09-24 23:50:31,833 [INFO] ThirdParty:1030 - CMSIS Pack Vendor :STMicroelectronics X-CUBE-BLE1 6.2.4
2023-09-24 23:50:31,833 [INFO] ThirdParty:1030 - CMSIS Pack Vendor :STMicroelectronics X-CUBE-AZRTOS-L5 1.1.0
2023-09-24 23:50:31,833 [INFO] ThirdParty:1030 - CMSIS Pack Vendor :STMicroelectronics FreeRTOS 0.0.1
2023-09-24 23:50:31,833 [INFO] ThirdParty:1030 - CMSIS Pack Vendor :STMicroelectronics X-CUBE-AZRTOS-G0 1.1.0
2023-09-24 23:50:31,833 [INFO] ThirdParty:1030 - CMSIS Pack Vendor :STMicroelectronics X-CUBE-BLEMGR 2.0.0
2023-09-24 23:50:31,833 [INFO] ThirdParty:1030 - CMSIS Pack Vendor :STMicroelectronics X-CUBE-AI 8.0.1
2023-09-24 23:50:31,834 [INFO] ThirdParty:1030 - CMSIS Pack Vendor :STMicroelectronics X-CUBE-NFC4 3.0.0
2023-09-24 23:50:31,834 [INFO] ThirdParty:1030 - CMSIS Pack Vendor :STMicroelectronics X-CUBE-SUBG2 5.0.0
2023-09-24 23:50:31,834 [INFO] ThirdParty:1030 - CMSIS Pack Vendor :STMicroelectronics STM32_WPAN 1.0.0
2023-09-24 23:50:31,834 [INFO] ThirdParty:1030 - CMSIS Pack Vendor :STMicroelectronics lwIP 2.0.3
2023-09-24 23:50:31,834 [INFO] ThirdParty:1030 - CMSIS Pack Vendor :STMicroelectronics FP-SNS-FLIGHT1 5.0.2
2023-09-24 23:50:31,834 [INFO] ThirdParty:1030 - CMSIS Pack Vendor :STMicroelectronics USB_HOST 1.0.0
2023-09-24 23:50:31,834 [INFO] ThirdParty:1030 - CMSIS Pack Vendor :STMicroelectronics X-CUBE-TOF1 3.3.1
2023-09-24 23:50:31,834 [INFO] ThirdParty:1030 - CMSIS Pack Vendor :STMicroelectronics X-CUBE-AZRTOS-G4 2.0.0
2023-09-24 23:50:31,834 [INFO] ThirdParty:1030 - CMSIS Pack Vendor :STMicroelectronics PDM2PCM 3.1.0
2023-09-24 23:50:31,834 [INFO] ThirdParty:1030 - CMSIS Pack Vendor :STMicroelectronics X-CUBE-AZRTOS-H7 3.1.0
2023-09-24 23:50:31,834 [INFO] ThirdParty:1030 - CMSIS Pack Vendor :STMicroelectronics PDM2PCM 3.3.0
2023-09-24 23:50:31,834 [INFO] ThirdParty:1030 - CMSIS Pack Vendor :STMicroelectronics X-CUBE-DISPLAY 3.0.0
2023-09-24 23:50:31,834 [INFO] ThirdParty:1030 - CMSIS Pack Vendor :STMicroelectronics X-CUBE-BLE1 7.0.0
2023-09-24 23:50:31,834 [INFO] ThirdParty:1030 - CMSIS Pack Vendor :STMicroelectronics FP-ATR-SIGFOX1 3.2.0
2023-09-24 23:50:31,834 [INFO] ThirdParty:1030 - CMSIS Pack Vendor :STMicroelectronics HAL Drivers 0.0.0
2023-09-24 23:50:31,834 [INFO] ThirdParty:1030 - CMSIS Pack Vendor :STMicroelectronics MBEDTLS 2.16.2
2023-09-24 23:50:31,834 [INFO] ThirdParty:1030 - CMSIS Pack Vendor :emotas I-CUBE-CANOPEN 1.3.0
2023-09-24 23:50:31,834 [INFO] ThirdParty:1030 - CMSIS Pack Vendor :STMicroelectronics X-CUBE-FREERTOS 1.1.0
2023-09-24 23:50:31,834 [INFO] ThirdParty:1030 - CMSIS Pack Vendor :STMicroelectronics X-CUBE-TOUCHGFX 4.22.0
2023-09-24 23:50:31,834 [INFO] ThirdParty:1030 - CMSIS Pack Vendor :STMicroelectronics X-CUBE-NFC7 1.0.1
2023-09-24 23:50:31,834 [INFO] ThirdParty:1030 - CMSIS Pack Vendor :STMicroelectronics MBEDTLS 2.14.1
2023-09-24 23:50:31,834 [INFO] ThirdParty:1030 - CMSIS Pack Vendor :STMicroelectronics X-CUBE-NFC6 3.0.0
2023-09-24 23:50:31,834 [INFO] ThirdParty:1030 - CMSIS Pack Vendor :STMicroelectronics X-CUBE-EEPRMA1 4.1.0
2023-09-24 23:50:31,834 [INFO] ThirdParty:1030 - CMSIS Pack Vendor :portGmbH I-Cube-SoM-uGOAL 1.1.0
2023-09-24 23:50:31,834 [INFO] ThirdParty:1030 - CMSIS Pack Vendor :STMicroelectronics X-CUBE-ALS 1.0.1
2023-09-24 23:50:31,834 [INFO] ThirdParty:1030 - CMSIS Pack Vendor :STMicroelectronics ThreadX 1.0.0
2023-09-24 23:50:31,834 [INFO] ThirdParty:1030 - CMSIS Pack Vendor :STMicroelectronics FP-SNS-SMARTAG2 1.2.0
2023-09-24 23:50:31,834 [INFO] ThirdParty:1030 - CMSIS Pack Vendor :STMicroelectronics X-CUBE-AZRTOS-WB 1.1.0
2023-09-24 23:50:31,834 [INFO] ThirdParty:1030 - CMSIS Pack Vendor :STMicroelectronics X-CUBE-AZRTOS-WL 2.0.0
2023-09-24 23:50:31,834 [INFO] ThirdParty:1030 - CMSIS Pack Vendor :SEGGER I-CUBE-embOS 1.3.1
2023-09-24 23:50:31,834 [INFO] ThirdParty:1030 - CMSIS Pack Vendor :STMicroelectronics USB_DEVICE 1.0.0
2023-09-24 23:50:31,834 [INFO] ThirdParty:1030 - CMSIS Pack Vendor :STMicroelectronics X-CUBE-AI 8.1.0
2023-09-24 23:50:31,834 [INFO] ThirdParty:1030 - CMSIS Pack Vendor :STMicroelectronics X-CUBE-AZRTOS-L4 2.0.0
2023-09-24 23:50:31,834 [INFO] ThirdParty:1030 - CMSIS Pack Vendor :STMicroelectronics ThreadX 0.0.2
2023-09-24 23:50:31,834 [INFO] ThirdParty:1030 - CMSIS Pack Vendor :WES I-CUBE-Cesium 1.3.0
2023-09-24 23:50:31,834 [INFO] ThirdParty:1030 - CMSIS Pack Vendor :STMicroelectronics FP-ATR-ASTRA1 2.0.0
2023-09-24 23:50:31,834 [INFO] ThirdParty:1030 - CMSIS Pack Vendor :STMicroelectronics lwIP 2.1.2
2023-09-24 23:50:31,834 [INFO] ThirdParty:1030 - CMSIS Pack Vendor :STMicroelectronics X-CUBE-SFXS2LP1 4.0.0
2023-09-24 23:50:31,834 [INFO] ThirdParty:1030 - CMSIS Pack Vendor :STMicroelectronics X-CUBE-BLE2 3.3.0
2023-09-24 23:50:31,834 [INFO] ThirdParty:1030 - CMSIS Pack Vendor :STMicroelectronics PDM2PCM 3.2.0
2023-09-24 23:50:31,835 [INFO] ThirdParty:841 - exiting critical section [change project]
2023-09-24 23:50:32,291 [INFO] PinOutPanel:1499 - setPackage(No Configuration,No Configuration)
2023-09-24 23:50:32,293 [INFO] PinOutPanel:1499 - setPackage(STM32F767ZITx,LQFP144)
2023-09-24 23:50:32,945 [INFO] UtilMem:75 - Before build in PCC Used Memory: 574766912 Bytes (1073741824)
2023-09-24 23:50:34,284 [INFO] UtilMem:75 - After build in PCC Used Memory: 642924352 Bytes (1073741824)
2023-09-24 23:50:34,330 [INFO] IPUIPlugin:80 - create IPUIPlugin
2023-09-24 23:50:34,331 [INFO] IPUIPlugin:80 - create IPUIPlugin
2023-09-24 23:50:34,331 [INFO] IPUIPlugin:80 - create IPUIPlugin
2023-09-24 23:50:34,331 [INFO] IPUIPlugin:80 - create IPUIPlugin
2023-09-24 23:50:34,331 [INFO] IPUIPlugin:80 - create IPUIPlugin
2023-09-24 23:50:34,331 [INFO] IPUIPlugin:80 - create IPUIPlugin
2023-09-24 23:50:34,331 [INFO] IPUIPlugin:80 - create IPUIPlugin
2023-09-24 23:50:34,331 [INFO] IPUIPlugin:80 - create IPUIPlugin
2023-09-24 23:50:34,331 [INFO] IPUIPlugin:80 - create IPUIPlugin
2023-09-24 23:50:34,332 [INFO] IPUIPlugin:80 - create IPUIPlugin
2023-09-24 23:50:34,332 [INFO] IPUIPlugin:80 - create IPUIPlugin
2023-09-24 23:50:34,332 [INFO] IPUIPlugin:80 - create IPUIPlugin
2023-09-24 23:50:34,332 [INFO] IPUIPlugin:80 - create IPUIPlugin
2023-09-24 23:50:34,332 [INFO] IPUIPlugin:80 - create IPUIPlugin
2023-09-24 23:50:34,332 [INFO] IPUIPlugin:80 - create IPUIPlugin
2023-09-24 23:50:34,332 [INFO] IPUIPlugin:80 - create IPUIPlugin
2023-09-24 23:50:34,332 [INFO] IPUIPlugin:80 - create IPUIPlugin
2023-09-24 23:50:34,332 [INFO] IPUIPlugin:80 - create IPUIPlugin
2023-09-24 23:50:34,333 [INFO] IPUIPlugin:80 - create IPUIPlugin
2023-09-24 23:50:34,333 [INFO] IPUIPlugin:80 - create IPUIPlugin
2023-09-24 23:50:34,333 [INFO] IPUIPlugin:80 - create IPUIPlugin
2023-09-24 23:50:34,333 [INFO] IPUIPlugin:80 - create IPUIPlugin
2023-09-24 23:50:34,333 [INFO] IPUIPlugin:80 - create IPUIPlugin
2023-09-24 23:50:34,333 [INFO] IPUIPlugin:80 - create IPUIPlugin
2023-09-24 23:50:34,333 [INFO] IPUIPlugin:80 - create IPUIPlugin
2023-09-24 23:50:34,333 [INFO] IPUIPlugin:80 - create IPUIPlugin
2023-09-24 23:50:34,333 [INFO] IPUIPlugin:80 - create IPUIPlugin
2023-09-24 23:50:34,334 [INFO] IPUIPlugin:80 - create IPUIPlugin
2023-09-24 23:50:34,334 [INFO] IPUIPlugin:80 - create IPUIPlugin
2023-09-24 23:50:34,334 [INFO] IPUIPlugin:80 - create IPUIPlugin
2023-09-24 23:50:34,334 [INFO] IPUIPlugin:80 - create IPUIPlugin
2023-09-24 23:50:34,334 [INFO] IPUIPlugin:80 - create IPUIPlugin
2023-09-24 23:50:34,334 [INFO] IPUIPlugin:80 - create IPUIPlugin
2023-09-24 23:50:34,334 [INFO] IPUIPlugin:80 - create IPUIPlugin
2023-09-24 23:50:34,335 [INFO] IPUIPlugin:80 - create IPUIPlugin
2023-09-24 23:50:34,335 [INFO] IPUIPlugin:80 - create IPUIPlugin
2023-09-24 23:50:34,335 [INFO] IPUIPlugin:80 - create IPUIPlugin
2023-09-24 23:50:34,336 [INFO] IPUIPlugin:80 - create IPUIPlugin
2023-09-24 23:50:34,336 [INFO] IPUIPlugin:80 - create IPUIPlugin
2023-09-24 23:50:34,337 [INFO] IPUIPlugin:80 - create IPUIPlugin
2023-09-24 23:50:34,337 [INFO] IPUIPlugin:80 - create IPUIPlugin
2023-09-24 23:50:34,337 [INFO] IPUIPlugin:80 - create IPUIPlugin
2023-09-24 23:50:34,337 [INFO] IPUIPlugin:80 - create IPUIPlugin
2023-09-24 23:50:34,337 [INFO] IPUIPlugin:80 - create IPUIPlugin
2023-09-24 23:50:34,337 [INFO] IPUIPlugin:80 - create IPUIPlugin
2023-09-24 23:50:34,338 [INFO] IPUIPlugin:80 - create IPUIPlugin
2023-09-24 23:50:34,338 [INFO] IPUIPlugin:80 - create IPUIPlugin
2023-09-24 23:50:34,338 [INFO] IPUIPlugin:80 - create IPUIPlugin
2023-09-24 23:50:34,339 [INFO] IPUIPlugin:80 - create IPUIPlugin
2023-09-24 23:50:34,339 [INFO] IPUIPlugin:80 - create IPUIPlugin
2023-09-24 23:50:34,339 [INFO] IPUIPlugin:80 - create IPUIPlugin
2023-09-24 23:50:34,339 [INFO] IPUIPlugin:80 - create IPUIPlugin
2023-09-24 23:50:34,339 [INFO] IPUIPlugin:80 - create IPUIPlugin
2023-09-24 23:50:34,340 [INFO] IPUIPlugin:80 - create IPUIPlugin
2023-09-24 23:50:34,340 [INFO] IPUIPlugin:80 - create IPUIPlugin
2023-09-24 23:50:34,340 [INFO] IPUIPlugin:80 - create IPUIPlugin
2023-09-24 23:50:34,341 [INFO] IPUIPlugin:80 - create IPUIPlugin
2023-09-24 23:50:34,341 [INFO] IPUIPlugin:80 - create IPUIPlugin
2023-09-24 23:50:34,341 [INFO] IPUIPlugin:80 - create IPUIPlugin
2023-09-24 23:50:34,342 [INFO] IPUIPlugin:80 - create IPUIPlugin
2023-09-24 23:50:34,342 [INFO] IPUIPlugin:80 - create IPUIPlugin
2023-09-24 23:50:34,342 [INFO] IPUIPlugin:80 - create IPUIPlugin
2023-09-24 23:50:34,343 [INFO] IPUIPlugin:80 - create IPUIPlugin
2023-09-24 23:50:34,343 [INFO] IPUIPlugin:80 - create IPUIPlugin
2023-09-24 23:50:34,343 [INFO] IPUIPlugin:80 - create IPUIPlugin
2023-09-24 23:50:34,343 [INFO] IPUIPlugin:80 - create IPUIPlugin
2023-09-24 23:50:34,344 [INFO] IPUIPlugin:80 - create IPUIPlugin
2023-09-24 23:50:34,344 [INFO] IPUIPlugin:80 - create IPUIPlugin
2023-09-24 23:50:34,344 [INFO] IPUIPlugin:80 - create IPUIPlugin
2023-09-24 23:50:34,345 [INFO] IPUIPlugin:80 - create IPUIPlugin
2023-09-24 23:50:34,345 [INFO] IPUIPlugin:80 - create IPUIPlugin
2023-09-24 23:50:34,345 [INFO] IPUIPlugin:80 - create IPUIPlugin
2023-09-24 23:50:34,346 [INFO] IPUIPlugin:80 - create IPUIPlugin
2023-09-24 23:50:34,346 [INFO] IPUIPlugin:80 - create IPUIPlugin
2023-09-24 23:50:34,347 [INFO] IPUIPlugin:80 - create IPUIPlugin
2023-09-24 23:50:34,347 [INFO] IPUIPlugin:80 - create IPUIPlugin
2023-09-24 23:50:34,348 [INFO] IPUIPlugin:80 - create IPUIPlugin
2023-09-24 23:50:34,348 [INFO] IPUIPlugin:80 - create IPUIPlugin
2023-09-24 23:50:34,349 [INFO] IPUIPlugin:80 - create IPUIPlugin
2023-09-24 23:50:34,482 [INFO] ApiDbMcu:507 - Load IP Config File for PDM2PCM
2023-09-24 23:50:34,737 [INFO] CADModel:165 - CPN selected for project levelSTM32F767ZIT6
2023-09-24 23:50:34,737 [INFO] CADModel:114 - Register for checkConnection events
2023-09-24 23:50:34,777 [INFO] OpenFileManager:328 - Restore cursor
2023-09-24 23:50:36,188 [INFO] UtilMem:75 - End SaveConfig() Used Memory: 859979584 Bytes (1073741824)
2023-09-24 23:50:36,235 [INFO] UtilMem:75 - End SaveConfig() Used Memory: 891748720 Bytes (1073741824)
2023-09-24 23:50:36,601 [INFO] BlockDiagram:2759 - set Specific Code input for plugin: RCC
2023-09-24 23:50:36,601 [INFO] BlockDiagram:2759 - set Specific Code input for plugin: NVIC
2023-09-24 23:50:36,601 [INFO] BlockDiagram:2759 - set Specific Code input for plugin: CORTEX_M7
2023-09-24 23:50:36,602 [INFO] CodeGenerator:799 - code generatio: config db path: D:\Programs\STM32CubeIDE_1.13.0\STM32CubeIDE\plugins\com.st.stm32cube.common.mx_6.9.0.202307051724\\db\
2023-09-24 23:50:36,841 [INFO] CodeEngine:255 - oldGeneratedFile, D:\KMITL\3D\MAD\MAD_Lab\Lab07\MXTmpFiles\license.tmp_save
2023-09-24 23:50:37,258 [INFO] CodeEngine:279 - Generated code: D:\KMITL\3D\MAD\MAD_Lab\Lab07\MXTmpFiles\license.tmp
2023-09-24 23:50:37,394 [INFO] CodeEngine:255 - oldGeneratedFile, D:\KMITL\3D\MAD\MAD_Lab\Lab07\MXTmpFiles\cortex.tmp_save
2023-09-24 23:50:37,547 [INFO] CodeEngine:279 - Generated code: D:\KMITL\3D\MAD\MAD_Lab\Lab07\MXTmpFiles\cortex.tmp
2023-09-24 23:50:37,560 [INFO] CodeEngine:255 - oldGeneratedFile, D:\KMITL\3D\MAD\MAD_Lab\Lab07\Core\Src\stm32f7xx_it.c_save
2023-09-24 23:50:37,715 [INFO] CodeEngine:279 - Generated code: D:\KMITL\3D\MAD\MAD_Lab\Lab07\Core\Src\stm32f7xx_it.c
2023-09-24 23:50:37,724 [INFO] CodeEngine:255 - oldGeneratedFile, D:\KMITL\3D\MAD\MAD_Lab\Lab07\Core\Inc\stm32f7xx_it.h_save
2023-09-24 23:50:37,790 [INFO] CodeEngine:279 - Generated code: D:\KMITL\3D\MAD\MAD_Lab\Lab07\Core\Inc\stm32f7xx_it.h
2023-09-24 23:50:37,839 [INFO] CodeEngine:255 - oldGeneratedFile, D:\KMITL\3D\MAD\MAD_Lab\Lab07\Core\Src\stm32f7xx_hal_msp.c_save
2023-09-24 23:50:37,973 [INFO] CodeEngine:279 - Generated code: D:\KMITL\3D\MAD\MAD_Lab\Lab07\Core\Src\stm32f7xx_hal_msp.c
2023-09-24 23:50:37,981 [INFO] CodeEngine:255 - oldGeneratedFile, D:\KMITL\3D\MAD\MAD_Lab\Lab07\MXTmpFiles\system.tmp_save
2023-09-24 23:50:38,048 [INFO] CodeEngine:279 - Generated code: D:\KMITL\3D\MAD\MAD_Lab\Lab07\MXTmpFiles\system.tmp
2023-09-24 23:50:38,061 [INFO] CodeEngine:311 - oldGeneratedFile, D:\KMITL\3D\MAD\MAD_Lab\Lab07\Core\Inc\stm32f7xx_hal_conf.h_save
2023-09-24 23:50:38,162 [INFO] CodeEngine:335 - Generated code: D:\KMITL\3D\MAD\MAD_Lab\Lab07\Core\Inc\stm32f7xx_hal_conf.h
2023-09-24 23:50:38,217 [INFO] CodeEngine:255 - oldGeneratedFile, D:\KMITL\3D\MAD\MAD_Lab\Lab07\Core\Inc\main.h_save
2023-09-24 23:50:38,309 [INFO] CodeEngine:279 - Generated code: D:\KMITL\3D\MAD\MAD_Lab\Lab07\Core\Inc\main.h
2023-09-24 23:50:38,318 [INFO] CodeEngine:255 - oldGeneratedFile, D:\KMITL\3D\MAD\MAD_Lab\Lab07\Core\Src\main.c_save
2023-09-24 23:50:38,430 [INFO] CodeEngine:279 - Generated code: D:\KMITL\3D\MAD\MAD_Lab\Lab07\Core\Src\main.c
2023-09-24 23:50:39,072 [INFO] ProjectBuilder:3064 - Time for Copy HAL[1] : 227mS.
2023-09-24 23:50:39,078 [INFO] ProjectBuilder:4404 - Project Generator version: 4.1.0
2023-09-24 23:50:39,314 [INFO] ConfigFileManager:1457 - The Die is : DIE451
2023-09-24 23:50:39,328 [INFO] ApiDbMcu:507 - Load IP Config File for FATFS
2023-09-24 23:50:39,341 [INFO] ApiDbMcu:507 - Load IP Config File for FREERTOS
2023-09-24 23:50:39,351 [INFO] ApiDbMcu:507 - Load IP Config File for LIBJPEG
2023-09-24 23:50:39,362 [INFO] ApiDbMcu:507 - Load IP Config File for LWIP
2023-09-24 23:50:39,373 [INFO] ApiDbMcu:507 - Load IP Config File for MBEDTLS
2023-09-24 23:50:39,385 [INFO] ApiDbMcu:507 - Load IP Config File for USB_DEVICE
2023-09-24 23:50:39,393 [INFO] ApiDbMcu:507 - Load IP Config File for USB_HOST
2023-09-24 23:50:40,128 [INFO] LogOutputStream:77 - [STDOUT_REDIRECT] 
2023-09-24 23:50:43,276 [INFO] ProjectBuilder:4626 - Time for Generating toolchain IDE Files: 4197mS.
2023-09-24 23:50:43,277 [INFO] ProjectBuilder:2935 - Time for Copy CMSIS : 1mS.
2023-09-24 23:50:43,278 [INFO] ProjectBuilder:2935 - Time for Copy CMSIS : 0mS.
2023-09-24 23:50:44,308 [INFO] McuFinderGlobals:76 - Set McuFinderConnectedMode to true
2023-09-24 23:50:44,313 [INFO] ApiDb:448 - Save user favorites file C:\Users\Asus/.stm32cubeide/favorites.mcus.txt: 1 item(s)
2023-09-24 23:50:44,313 [INFO] ApiDb:452 - User favorites MCUs=[STM32F767ZIT6]
2023-09-24 23:54:50,266 [INFO] NvicIntPanel:101 - NVIC parent = com.st.microxplorer.plugins.ip.nvic.MultiNvicIntPanel[,0,0,0x0,invalid,layout=javax.swing.BoxLayout,alignmentX=0.0,alignmentY=0.0,border=,flags=9,maximumSize=,minimumSize=,preferredSize=]
2023-09-24 23:54:58,883 [INFO] NvicIntPanel:101 - NVIC parent = com.st.microxplorer.plugins.ip.nvic.MultiNvicIntPanel[,0,0,0x0,invalid,layout=javax.swing.BoxLayout,alignmentX=0.0,alignmentY=0.0,border=,flags=9,maximumSize=,minimumSize=,preferredSize=]
2023-09-24 23:55:50,201 [INFO] NvicIntPanel:101 - NVIC parent = com.st.microxplorer.plugins.ip.nvic.MultiNvicIntPanel[,0,0,0x0,invalid,layout=javax.swing.BoxLayout,alignmentX=0.0,alignmentY=0.0,border=,flags=9,maximumSize=,minimumSize=,preferredSize=]
2023-09-24 23:55:50,980 [INFO] UtilMem:75 - End SaveConfig() Used Memory: 614373384 Bytes (1073741824)
2023-09-24 23:55:51,026 [INFO] UtilMem:75 - End SaveConfig() Used Memory: 645122728 Bytes (1073741824)
2023-09-24 23:55:52,557 [INFO] UtilMem:75 - End SaveConfig() Used Memory: 697195400 Bytes (1073741824)
2023-09-24 23:55:52,765 [INFO] BlockDiagram:2759 - set Specific Code input for plugin: TIM1_8F77
2023-09-24 23:55:52,765 [INFO] BlockDiagram:2759 - set Specific Code input for plugin: RCC
2023-09-24 23:55:52,765 [INFO] BlockDiagram:2759 - set Specific Code input for plugin: NVIC
2023-09-24 23:55:52,765 [INFO] BlockDiagram:2759 - set Specific Code input for plugin: CORTEX_M7
2023-09-24 23:55:52,766 [INFO] BlockDiagram:2759 - set Specific Code input for plugin: GPIO
2023-09-24 23:55:52,767 [INFO] CodeGenerator:799 - code generatio: config db path: D:\Programs\STM32CubeIDE_1.13.0\STM32CubeIDE\plugins\com.st.stm32cube.common.mx_6.9.0.202307051724\\db\
2023-09-24 23:55:52,956 [INFO] CodeEngine:255 - oldGeneratedFile, D:\KMITL\3D\MAD\MAD_Lab\Lab07\MXTmpFiles\license.tmp_save
2023-09-24 23:55:53,057 [INFO] CodeEngine:279 - Generated code: D:\KMITL\3D\MAD\MAD_Lab\Lab07\MXTmpFiles\license.tmp
2023-09-24 23:55:53,109 [INFO] CodeEngine:255 - oldGeneratedFile, D:\KMITL\3D\MAD\MAD_Lab\Lab07\Core\Src\gpio.c_save
2023-09-24 23:55:53,238 [INFO] CodeEngine:279 - Generated code: D:\KMITL\3D\MAD\MAD_Lab\Lab07\Core\Src\gpio.c
2023-09-24 23:55:53,253 [INFO] CodeEngine:255 - oldGeneratedFile, D:\KMITL\3D\MAD\MAD_Lab\Lab07\Core\Inc\gpio.h_save
2023-09-24 23:55:53,320 [INFO] CodeEngine:279 - Generated code: D:\KMITL\3D\MAD\MAD_Lab\Lab07\Core\Inc\gpio.h
2023-09-24 23:55:53,434 [INFO] CodeEngine:255 - oldGeneratedFile, D:\KMITL\3D\MAD\MAD_Lab\Lab07\MXTmpFiles\cortex.tmp_save
2023-09-24 23:55:53,498 [INFO] CodeEngine:279 - Generated code: D:\KMITL\3D\MAD\MAD_Lab\Lab07\MXTmpFiles\cortex.tmp
2023-09-24 23:55:53,513 [INFO] CodeEngine:255 - oldGeneratedFile, D:\KMITL\3D\MAD\MAD_Lab\Lab07\Core\Src\tim.c_save
2023-09-24 23:55:53,611 [INFO] CodeEngine:279 - Generated code: D:\KMITL\3D\MAD\MAD_Lab\Lab07\Core\Src\tim.c
2023-09-24 23:55:53,620 [INFO] CodeEngine:255 - oldGeneratedFile, D:\KMITL\3D\MAD\MAD_Lab\Lab07\Core\Inc\tim.h_save
2023-09-24 23:55:53,681 [INFO] CodeEngine:279 - Generated code: D:\KMITL\3D\MAD\MAD_Lab\Lab07\Core\Inc\tim.h
2023-09-24 23:55:53,696 [INFO] CodeEngine:255 - oldGeneratedFile, D:\KMITL\3D\MAD\MAD_Lab\Lab07\Core\Src\stm32f7xx_it.c_save
2023-09-24 23:55:53,757 [INFO] CodeEngine:279 - Generated code: D:\KMITL\3D\MAD\MAD_Lab\Lab07\Core\Src\stm32f7xx_it.c
2023-09-24 23:55:53,767 [INFO] CodeEngine:255 - oldGeneratedFile, D:\KMITL\3D\MAD\MAD_Lab\Lab07\Core\Inc\stm32f7xx_it.h_save
2023-09-24 23:55:53,816 [INFO] CodeEngine:279 - Generated code: D:\KMITL\3D\MAD\MAD_Lab\Lab07\Core\Inc\stm32f7xx_it.h
2023-09-24 23:55:53,831 [INFO] CodeEngine:255 - oldGeneratedFile, D:\KMITL\3D\MAD\MAD_Lab\Lab07\Core\Src\stm32f7xx_hal_msp.c_save
2023-09-24 23:55:53,892 [INFO] CodeEngine:279 - Generated code: D:\KMITL\3D\MAD\MAD_Lab\Lab07\Core\Src\stm32f7xx_hal_msp.c
2023-09-24 23:55:53,895 [INFO] CodeEngine:255 - oldGeneratedFile, D:\KMITL\3D\MAD\MAD_Lab\Lab07\MXTmpFiles\system.tmp_save
2023-09-24 23:55:53,934 [INFO] CodeEngine:279 - Generated code: D:\KMITL\3D\MAD\MAD_Lab\Lab07\MXTmpFiles\system.tmp
2023-09-24 23:55:53,946 [INFO] CodeEngine:311 - oldGeneratedFile, D:\KMITL\3D\MAD\MAD_Lab\Lab07\Core\Inc\stm32f7xx_hal_conf.h_save
2023-09-24 23:55:54,011 [INFO] CodeEngine:335 - Generated code: D:\KMITL\3D\MAD\MAD_Lab\Lab07\Core\Inc\stm32f7xx_hal_conf.h
2023-09-24 23:55:54,038 [INFO] CodeEngine:255 - oldGeneratedFile, D:\KMITL\3D\MAD\MAD_Lab\Lab07\Core\Inc\main.h_save
2023-09-24 23:55:54,100 [INFO] CodeEngine:279 - Generated code: D:\KMITL\3D\MAD\MAD_Lab\Lab07\Core\Inc\main.h
2023-09-24 23:55:54,111 [INFO] CodeEngine:255 - oldGeneratedFile, D:\KMITL\3D\MAD\MAD_Lab\Lab07\Core\Src\main.c_save
2023-09-24 23:55:54,181 [INFO] CodeEngine:279 - Generated code: D:\KMITL\3D\MAD\MAD_Lab\Lab07\Core\Src\main.c
2023-09-24 23:55:54,559 [INFO] ProjectBuilder:3064 - Time for Copy HAL[1] : 109mS.
2023-09-24 23:55:54,564 [INFO] ProjectBuilder:4404 - Project Generator version: 4.1.0
2023-09-24 23:55:54,813 [INFO] ConfigFileManager:1457 - The Die is : DIE451
2023-09-24 23:55:56,926 [INFO] ProjectBuilder:4626 - Time for Generating toolchain IDE Files: 2362mS.
2023-09-24 23:55:56,928 [INFO] ProjectBuilder:2935 - Time for Copy CMSIS : 1mS.
2023-09-24 23:55:56,929 [INFO] ProjectBuilder:2935 - Time for Copy CMSIS : 0mS.
