2023-08-05 20:44:19,499 [INFO] Activator:176 - 


2023-08-05 20:44:19,505 [INFO] Activator:177 - !SESSION log4j initialized
2023-08-05 20:44:26,460 [INFO] LogOutputStream:77 - [STDOUT_REDIRECT] 
2023-08-05 20:44:29,045 [INFO] ApplicationProperties:184 - Using Application install path: D:\Programs\STM32CubeIDE_1.13.0\STM32CubeIDE\plugins\com.st.stm32cube.common.mx_6.9.0.202307051724
2023-08-05 20:44:29,067 [INFO] DbMcusXml:78 - Set database path to: D:\Programs\STM32CubeIDE_1.13.0\STM32CubeIDE\plugins\com.st.stm32cube.common.mx_6.9.0.202307051724\\db\/mcu/
2023-08-05 20:44:29,068 [INFO] ApiDb:274 - Set plugin database path to: D:\Programs\STM32CubeIDE_1.13.0\STM32CubeIDE\plugins\com.st.stm32cube.common.mx_6.9.0.202307051724\\db\/plugins/boardmanager/
2023-08-05 20:44:29,068 [WARN] ApiDb:259 - Overriding images path with different value:  => D:\Programs\STM32CubeIDE_1.13.0\STM32CubeIDE\plugins\com.st.stm32cube.common.mx_6.9.0.202307051724\\db\/plugins/mcufinder/images/
2023-08-05 20:44:29,083 [INFO] ApiDb:250 - Set database path to: C:\Users\Asus\.stmcufinder\plugins\mcufinder//mcu/
2023-08-05 20:44:29,085 [INFO] DbMcusAds:125 - Set database path to: C:\Users\Asus\.stmcufinder\plugins\mcufinder//mcu/
2023-08-05 20:44:29,086 [INFO] CrossReferenceDbSqlite:203 - Set database path to: C:\Users\Asus\.stmcufinder\plugins\mcufinder//mcu/cs/
2023-08-05 20:44:29,219 [INFO] RulesReader:64 - Compatibility file has been processed (293 Rules)
2023-08-05 20:44:29,335 [INFO] DbMcusXml:78 - Set database path to: D:\Programs\STM32CubeIDE_1.13.0\STM32CubeIDE\plugins\com.st.stm32cube.common.mx_6.9.0.202307051724\\db\/mcu/
2023-08-05 20:44:29,335 [INFO] ApiDb:274 - Set plugin database path to: D:\Programs\STM32CubeIDE_1.13.0\STM32CubeIDE\plugins\com.st.stm32cube.common.mx_6.9.0.202307051724\\db\/plugins/boardmanager/
2023-08-05 20:44:29,335 [INFO] ApiDb:261 - Set plugin images path to: D:\Programs\STM32CubeIDE_1.13.0\STM32CubeIDE\plugins\com.st.stm32cube.common.mx_6.9.0.202307051724\\db\/plugins/mcufinder/images/
2023-08-05 20:44:29,335 [WARN] DbFile:41 - Overriding database path with different value: C:\Users\Asus\.stmcufinder\plugins\mcufinder/ => C:\Users\Asus\.stmcufinder\plugins\mcufinder
2023-08-05 20:44:29,335 [INFO] ApiDb:250 - Set database path to: C:\Users\Asus\.stmcufinder\plugins\mcufinder//mcu/
2023-08-05 20:44:29,336 [WARN] DbFile:41 - Overriding database path with different value: C:\Users\Asus\.stmcufinder\plugins\mcufinder/ => C:\Users\Asus\.stmcufinder\plugins\mcufinder
2023-08-05 20:44:29,336 [INFO] DbMcusAds:125 - Set database path to: C:\Users\Asus\.stmcufinder\plugins\mcufinder//mcu/
2023-08-05 20:44:29,336 [WARN] DbFile:41 - Overriding database path with different value: C:\Users\Asus\.stmcufinder\plugins\mcufinder/ => C:\Users\Asus\.stmcufinder\plugins\mcufinder
2023-08-05 20:44:29,336 [WARN] DbFile:41 - Overriding database path with different value: C:\Users\Asus\.stmcufinder\plugins\mcufinder/ => C:\Users\Asus\.stmcufinder\plugins\mcufinder
2023-08-05 20:44:29,336 [INFO] CrossReferenceDbSqlite:203 - Set database path to: C:\Users\Asus\.stmcufinder\plugins\mcufinder//mcu/cs/
2023-08-05 20:44:29,443 [INFO] MainPanel:262 - HeapMemory: 268435456
2023-08-05 20:44:29,576 [INFO] DbMcusXml:78 - Set database path to: D:\Programs\STM32CubeIDE_1.13.0\STM32CubeIDE\plugins\com.st.stm32cube.common.mx_6.9.0.202307051724\\db\/mcu/
2023-08-05 20:44:29,576 [INFO] ApiDb:274 - Set plugin database path to: D:\Programs\STM32CubeIDE_1.13.0\STM32CubeIDE\plugins\com.st.stm32cube.common.mx_6.9.0.202307051724\\db\/plugins/boardmanager/
2023-08-05 20:44:29,576 [INFO] ApiDb:261 - Set plugin images path to: D:\Programs\STM32CubeIDE_1.13.0\STM32CubeIDE\plugins\com.st.stm32cube.common.mx_6.9.0.202307051724\\db\/plugins/mcufinder/images/
2023-08-05 20:44:29,577 [WARN] DbFile:41 - Overriding database path with different value: C:\Users\Asus\.stmcufinder\plugins\mcufinder/ => C:\Users\Asus\.stmcufinder\plugins\mcufinder
2023-08-05 20:44:29,577 [INFO] ApiDb:250 - Set database path to: C:\Users\Asus\.stmcufinder\plugins\mcufinder//mcu/
2023-08-05 20:44:29,577 [WARN] DbFile:41 - Overriding database path with different value: C:\Users\Asus\.stmcufinder\plugins\mcufinder/ => C:\Users\Asus\.stmcufinder\plugins\mcufinder
2023-08-05 20:44:29,577 [INFO] DbMcusAds:125 - Set database path to: C:\Users\Asus\.stmcufinder\plugins\mcufinder//mcu/
2023-08-05 20:44:29,578 [WARN] DbFile:41 - Overriding database path with different value: C:\Users\Asus\.stmcufinder\plugins\mcufinder/ => C:\Users\Asus\.stmcufinder\plugins\mcufinder
2023-08-05 20:44:29,578 [WARN] DbFile:41 - Overriding database path with different value: C:\Users\Asus\.stmcufinder\plugins\mcufinder/ => C:\Users\Asus\.stmcufinder\plugins\mcufinder
2023-08-05 20:44:29,578 [INFO] CrossReferenceDbSqlite:203 - Set database path to: C:\Users\Asus\.stmcufinder\plugins\mcufinder//mcu/cs/
2023-08-05 20:44:29,599 [INFO] ApplicationProperties:184 - Using Application install path: D:\Programs\STM32CubeIDE_1.13.0\STM32CubeIDE\plugins\com.st.stm32cube.common.mx_6.9.0.202307051724
2023-08-05 20:44:29,601 [INFO] PluginManage:196 - Search for loadable plugins [exclusion list=, ]
2023-08-05 20:44:29,603 [INFO] PluginManage:310 - Check plugin analytics
2023-08-05 20:44:29,790 [INFO] AnalyticsPlugin:253 - Accepted Software Licenses: 
2023-08-05 20:44:29,790 [INFO] AnalyticsPlugin:255 - Accepted CMSIS Pack Licenses: 
2023-08-05 20:44:29,790 [INFO] AnalyticsPlugin:257 - Accepted Firmware Licenses: FW.F7.1.17.0
2023-08-05 20:44:29,794 [INFO] PluginManage:359 - Loaded plugin analytics (category:tool,tabindex:-1)
2023-08-05 20:44:29,796 [INFO] PluginManage:310 - Check plugin cadmodel
2023-08-05 20:44:29,814 [INFO] CADModel:105 - Init CAD model plugin
2023-08-05 20:44:29,815 [INFO] PluginManage:359 - Loaded plugin cadmodel (category:power,tabindex:5)
2023-08-05 20:44:29,815 [INFO] PluginManage:310 - Check plugin clock
2023-08-05 20:44:29,837 [INFO] PluginManage:359 - Loaded plugin clock (category:base,tabindex:2)
2023-08-05 20:44:29,837 [INFO] PluginManage:310 - Check plugin ddr
2023-08-05 20:44:29,840 [INFO] PluginManage:359 - Loaded plugin ddr (category:tool,tabindex:6)
2023-08-05 20:44:29,840 [INFO] PluginManage:310 - Check plugin filemanager
2023-08-05 20:44:29,993 [INFO] PluginManage:359 - Loaded plugin filemanager (category:base,tabindex:10)
2023-08-05 20:44:29,994 [INFO] PluginManage:310 - Check plugin ipmanager
2023-08-05 20:44:30,003 [INFO] PluginManage:359 - Loaded plugin ipmanager (category:base,tabindex:5)
2023-08-05 20:44:30,004 [INFO] PluginManage:310 - Check plugin lpbam
2023-08-05 20:44:30,024 [INFO] PluginManage:359 - Loaded plugin lpbam (category:base,tabindex:0)
2023-08-05 20:44:30,024 [INFO] PluginManage:310 - Check plugin memorymap
2023-08-05 20:44:30,051 [INFO] PluginManage:359 - Loaded plugin memorymap (category:base,tabindex:4)
2023-08-05 20:44:30,051 [INFO] PluginManage:310 - Check plugin pinoutandconfiguration
2023-08-05 20:44:30,072 [INFO] PluginManage:359 - Loaded plugin pinoutandconfiguration (category:base,tabindex:1)
2023-08-05 20:44:30,072 [INFO] PluginManage:310 - Check plugin pinoutconfig
2023-08-05 20:44:30,181 [WARN] SupportedApi:132 - Cannot load RTOS API schema: s4s-elt-must-match.1: The content of 'definitions' must match (annotation?, (simpleType | complexType)?, (unique | key | keyref)*)). A problem was found starting at: attribute.
2023-08-05 20:44:30,338 [INFO] PluginManage:359 - Loaded plugin pinoutconfig (category:base,tabindex:0)
2023-08-05 20:44:30,338 [INFO] PluginManage:310 - Check plugin power
2023-08-05 20:44:30,367 [INFO] PluginManage:359 - Loaded plugin power (category:power,tabindex:4)
2023-08-05 20:44:30,367 [INFO] PluginManage:310 - Check plugin projectmanager
2023-08-05 20:44:30,388 [INFO] PluginManage:359 - Loaded plugin projectmanager (category:projectmanager,tabindex:3)
2023-08-05 20:44:30,389 [INFO] PluginManage:310 - Check plugin thirdparty
2023-08-05 20:44:30,866 [INFO] PluginManage:359 - Loaded plugin thirdparty (category:base,tabindex:-1)
2023-08-05 20:44:30,866 [WARN] IntegrityCheckThread:84 - waiting for thirdparty lock release [integrity check]
2023-08-05 20:44:30,866 [INFO] PluginManage:310 - Check plugin tools
2023-08-05 20:44:30,866 [INFO] IntegrityCheckThread:86 - entering critical section [integrity check]
2023-08-05 20:44:30,867 [INFO] ThirdPartyUpdaterWithRetryManager:70 - Updater plugin not ready yet. [1/15]
2023-08-05 20:44:30,922 [INFO] PluginManage:359 - Loaded plugin tools (category:base,tabindex:7)
2023-08-05 20:44:30,922 [INFO] PluginManage:310 - Check plugin tutovideos
2023-08-05 20:44:31,239 [INFO] PluginManage:359 - Loaded plugin tutovideos (category:base,tabindex:-1)
2023-08-05 20:44:31,240 [INFO] PluginManage:310 - Check plugin updater
2023-08-05 20:44:31,256 [INFO] PluginManage:359 - Loaded plugin updater (category:base,tabindex:12)
2023-08-05 20:44:31,257 [INFO] PluginManage:310 - Check plugin userauth
2023-08-05 20:44:31,266 [INFO] UserAuth:113 - Init User Auth plugin
2023-08-05 20:44:31,266 [INFO] PluginManage:359 - Loaded plugin userauth (category:base,tabindex:14)
2023-08-05 20:44:31,267 [INFO] PluginManage:283 - PluginManage : Loaded plugins [17]
2023-08-05 20:44:31,560 [INFO] PinOutPanel:1499 - setPackage(No Configuration,No Configuration)
2023-08-05 20:44:31,696 [INFO] CADModel:165 - CPN selected for project level
2023-08-05 20:44:31,697 [INFO] CADModel:114 - Register for checkConnection events
2023-08-05 20:44:31,735 [INFO] IPUIPlugin:80 - create IPUIPlugin
2023-08-05 20:44:31,736 [INFO] PluginManager:220 - loadIPPluginJar : add adc
2023-08-05 20:44:31,784 [INFO] IPUIPlugin:80 - create IPUIPlugin
2023-08-05 20:44:31,784 [INFO] PluginManager:220 - loadIPPluginJar : add aes
2023-08-05 20:44:31,836 [INFO] IPUIPlugin:80 - create IPUIPlugin
2023-08-05 20:44:31,836 [INFO] PluginManager:220 - loadIPPluginJar : add can
2023-08-05 20:44:31,865 [INFO] IPUIPlugin:80 - create IPUIPlugin
2023-08-05 20:44:31,865 [INFO] PluginManager:220 - loadIPPluginJar : add comp
2023-08-05 20:44:31,909 [INFO] IPUIPlugin:80 - create IPUIPlugin
2023-08-05 20:44:31,909 [INFO] PluginManager:220 - loadIPPluginJar : add cryp
2023-08-05 20:44:31,953 [INFO] IPUIPlugin:80 - create IPUIPlugin
2023-08-05 20:44:31,953 [INFO] PluginManager:220 - loadIPPluginJar : add dfsdm
2023-08-05 20:44:31,973 [INFO] IPUIPlugin:80 - create IPUIPlugin
2023-08-05 20:44:31,974 [INFO] PluginManager:220 - loadIPPluginJar : add dma
2023-08-05 20:44:32,039 [INFO] IPUIPlugin:80 - create IPUIPlugin
2023-08-05 20:44:32,039 [INFO] PluginManager:220 - loadIPPluginJar : add dma3
2023-08-05 20:44:32,070 [INFO] IPUIPlugin:80 - create IPUIPlugin
2023-08-05 20:44:32,071 [INFO] PluginManager:220 - loadIPPluginJar : add fatfs
2023-08-05 20:44:32,135 [INFO] IPUIPlugin:80 - create IPUIPlugin
2023-08-05 20:44:32,136 [INFO] PluginManager:220 - loadIPPluginJar : add fmc
2023-08-05 20:44:32,159 [INFO] IPUIPlugin:80 - create IPUIPlugin
2023-08-05 20:44:32,160 [INFO] PluginManager:220 - loadIPPluginJar : add freertos
2023-08-05 20:44:32,192 [INFO] IPUIPlugin:80 - create IPUIPlugin
2023-08-05 20:44:32,192 [INFO] PluginManager:220 - loadIPPluginJar : add genericplugin
2023-08-05 20:44:32,340 [INFO] IPUIPlugin:80 - create IPUIPlugin
2023-08-05 20:44:32,341 [INFO] PluginManager:220 - loadIPPluginJar : add gfxmmu
2023-08-05 20:44:32,520 [INFO] IPUIPlugin:80 - create IPUIPlugin
2023-08-05 20:44:32,520 [INFO] PluginManager:220 - loadIPPluginJar : add gic
2023-08-05 20:44:32,538 [INFO] IPUIPlugin:80 - create IPUIPlugin
2023-08-05 20:44:32,539 [INFO] PluginManager:220 - loadIPPluginJar : add gpio
2023-08-05 20:44:32,650 [INFO] IPUIPlugin:80 - create IPUIPlugin
2023-08-05 20:44:32,650 [INFO] PluginManager:220 - loadIPPluginJar : add gtzc
2023-08-05 20:44:32,691 [INFO] IPUIPlugin:80 - create IPUIPlugin
2023-08-05 20:44:32,692 [INFO] PluginManager:220 - loadIPPluginJar : add hash
2023-08-05 20:44:32,756 [INFO] IPUIPlugin:80 - create IPUIPlugin
2023-08-05 20:44:32,756 [INFO] PluginManager:220 - loadIPPluginJar : add i2c
2023-08-05 20:44:32,806 [INFO] IPUIPlugin:80 - create IPUIPlugin
2023-08-05 20:44:32,807 [INFO] PluginManager:220 - loadIPPluginJar : add i2s
2023-08-05 20:44:32,860 [INFO] IPUIPlugin:80 - create IPUIPlugin
2023-08-05 20:44:32,860 [INFO] PluginManager:220 - loadIPPluginJar : add i3c
2023-08-05 20:44:32,973 [INFO] IPUIPlugin:80 - create IPUIPlugin
2023-08-05 20:44:32,973 [INFO] PluginManager:220 - loadIPPluginJar : add ipddr
2023-08-05 20:44:33,095 [INFO] IPUIPlugin:80 - create IPUIPlugin
2023-08-05 20:44:33,096 [INFO] PluginManager:220 - loadIPPluginJar : add linkedlist
2023-08-05 20:44:33,144 [INFO] IPUIPlugin:80 - create IPUIPlugin
2023-08-05 20:44:33,145 [INFO] PluginManager:220 - loadIPPluginJar : add lorawan
2023-08-05 20:44:33,193 [INFO] IPUIPlugin:80 - create IPUIPlugin
2023-08-05 20:44:33,194 [INFO] PluginManager:220 - loadIPPluginJar : add ltdc
2023-08-05 20:44:33,215 [INFO] IPUIPlugin:80 - create IPUIPlugin
2023-08-05 20:44:33,216 [INFO] PluginManager:220 - loadIPPluginJar : add mdma
2023-08-05 20:44:33,233 [INFO] IPUIPlugin:80 - create IPUIPlugin
2023-08-05 20:44:33,233 [INFO] PluginManager:220 - loadIPPluginJar : add nvic
2023-08-05 20:44:33,283 [INFO] IPUIPlugin:80 - create IPUIPlugin
2023-08-05 20:44:33,283 [INFO] PluginManager:220 - loadIPPluginJar : add opamp
2023-08-05 20:44:33,366 [INFO] IPUIPlugin:80 - create IPUIPlugin
2023-08-05 20:44:33,366 [INFO] PluginManager:220 - loadIPPluginJar : add openamp
2023-08-05 20:44:33,423 [INFO] IPUIPlugin:80 - create IPUIPlugin
2023-08-05 20:44:33,424 [INFO] PluginManager:220 - loadIPPluginJar : add pdm2pcm
2023-08-05 20:44:33,444 [INFO] IPUIPlugin:80 - create IPUIPlugin
2023-08-05 20:44:33,448 [INFO] PluginManager:220 - loadIPPluginJar : add plateformsettings
2023-08-05 20:44:33,480 [INFO] IPUIPlugin:80 - create IPUIPlugin
2023-08-05 20:44:33,480 [INFO] PluginManager:220 - loadIPPluginJar : add quadspi
2023-08-05 20:44:33,497 [INFO] IPUIPlugin:80 - create IPUIPlugin
2023-08-05 20:44:33,498 [INFO] PluginManager:220 - loadIPPluginJar : add resmgrutility
2023-08-05 20:44:33,555 [INFO] IPUIPlugin:80 - create IPUIPlugin
2023-08-05 20:44:33,556 [INFO] PluginManager:220 - loadIPPluginJar : add sai
2023-08-05 20:44:33,606 [INFO] IPUIPlugin:80 - create IPUIPlugin
2023-08-05 20:44:33,607 [INFO] PluginManager:220 - loadIPPluginJar : add spi
2023-08-05 20:44:33,679 [INFO] IPUIPlugin:80 - create IPUIPlugin
2023-08-05 20:44:33,680 [INFO] PluginManager:220 - loadIPPluginJar : add stm32_wpan
2023-08-05 20:44:33,710 [INFO] IPUIPlugin:80 - create IPUIPlugin
2023-08-05 20:44:33,710 [INFO] PluginManager:220 - loadIPPluginJar : add tim
2023-08-05 20:44:33,781 [INFO] IPUIPlugin:80 - create IPUIPlugin
2023-08-05 20:44:33,781 [INFO] PluginManager:220 - loadIPPluginJar : add touchsensing
2023-08-05 20:44:33,813 [INFO] IPUIPlugin:80 - create IPUIPlugin
2023-08-05 20:44:33,813 [INFO] PluginManager:220 - loadIPPluginJar : add tracer_emb
2023-08-05 20:44:33,843 [INFO] IPUIPlugin:80 - create IPUIPlugin
2023-08-05 20:44:33,843 [INFO] PluginManager:220 - loadIPPluginJar : add ts
2023-08-05 20:44:33,869 [INFO] ThirdPartyUpdaterWithRetryManager:70 - Updater plugin not ready yet. [2/15]
2023-08-05 20:44:33,871 [INFO] IPUIPlugin:80 - create IPUIPlugin
2023-08-05 20:44:33,871 [INFO] PluginManager:220 - loadIPPluginJar : add tsc
2023-08-05 20:44:33,899 [INFO] IPUIPlugin:80 - create IPUIPlugin
2023-08-05 20:44:33,899 [INFO] PluginManager:220 - loadIPPluginJar : add ucpd
2023-08-05 20:44:33,953 [INFO] IPUIPlugin:80 - create IPUIPlugin
2023-08-05 20:44:33,953 [INFO] PluginManager:220 - loadIPPluginJar : add usart
2023-08-05 20:44:34,013 [INFO] IPUIPlugin:80 - create IPUIPlugin
2023-08-05 20:44:34,013 [INFO] PluginManager:220 - loadIPPluginJar : add usbx
2023-08-05 20:44:34,157 [INFO] CADModel:165 - CPN selected for project level
2023-08-05 20:44:34,157 [INFO] CADModel:114 - Register for checkConnection events
2023-08-05 20:44:34,158 [FATAL] Updater:308 - Updater called before beeing initialized
2023-08-05 20:44:34,158 [ERROR] CADModel:125 - Updater not yet initialized, retry later 
2023-08-05 20:44:34,368 [INFO] CADModel:165 - CPN selected for project level
2023-08-05 20:44:34,368 [INFO] CADModel:114 - Register for checkConnection events
2023-08-05 20:44:34,368 [FATAL] Updater:308 - Updater called before beeing initialized
2023-08-05 20:44:34,369 [ERROR] CADModel:125 - Updater not yet initialized, retry later 
2023-08-05 20:44:34,374 [FATAL] Updater:308 - Updater called before beeing initialized
2023-08-05 20:44:34,513 [FATAL] Updater:308 - Updater called before beeing initialized
2023-08-05 20:44:34,533 [INFO] DbMcusAds:53 - JSON generation date=Tue Mar 07 15:50:55 ICT 2023 (1678179055114)
2023-08-05 20:44:34,533 [FATAL] Updater:308 - Updater called before beeing initialized
2023-08-05 20:44:34,645 [WARN] DetailPanel:346 - Failed to get advertising image, set to default
2023-08-05 20:44:34,753 [FATAL] Updater:308 - Updater called before beeing initialized
2023-08-05 20:44:34,758 [FATAL] Updater:308 - Updater called before beeing initialized
2023-08-05 20:44:34,758 [FATAL] Updater:308 - Updater called before beeing initialized
2023-08-05 20:44:34,759 [WARN] DetailPanel:346 - Failed to get advertising image, set to default
2023-08-05 20:44:34,760 [FATAL] Updater:308 - Updater called before beeing initialized
2023-08-05 20:44:34,859 [ERROR] Updater:1120 - MainUpdater not yet initialized. External WinMGr cannot be set.
2023-08-05 20:44:34,879 [INFO] Updater:1056 - Updater Version found : 6.9.0
2023-08-05 20:44:34,921 [INFO] ApplicationProperties:184 - Using Application install path: D:\Programs\STM32CubeIDE_1.13.0\STM32CubeIDE\plugins\com.st.stm32cube.common.mx_6.9.0.202307051724
2023-08-05 20:44:35,142 [INFO] MainUpdater:2868 - connection check result : 10
2023-08-05 20:44:35,143 [INFO] MainUpdater:3562 - Updater definition file requires update
2023-08-05 20:44:35,144 [INFO] MainUpdater:285 - Updater Check For Update Now.
2023-08-05 20:44:35,145 [INFO] MicroXplorer:498 - Change Database Version : DB.6.0.90
2023-08-05 20:44:35,183 [INFO] McuFinderGlobals:63 - Set McuFinder mode to 2 (CubeIDE integrated)
2023-08-05 20:44:36,871 [WARN] MainUpdater:1189 - Updater busy. Cannot search thirdparties
2023-08-05 20:44:36,871 [INFO] ThirdPartyUpdaterWithRetryManager:96 - Updater plugin is busy. [1/15]
2023-08-05 20:44:36,975 [INFO] ServerAccessManage:473 - Download File updaters.zip
2023-08-05 20:44:37,069 [INFO] FileExtend:240 - Unzip File : updaters.zip
2023-08-05 20:44:37,070 [INFO] FileExtend:255 - Standard Zip Deflate
2023-08-05 20:44:38,706 [INFO] ServerAccessManage:473 - Download File PacksControlFlags.xml
2023-08-05 20:44:39,816 [INFO] ServerAccessManage:473 - Download File cubemx.pidx
2023-08-05 20:44:39,872 [WARN] MainUpdater:1189 - Updater busy. Cannot search thirdparties
2023-08-05 20:44:39,872 [INFO] ThirdPartyUpdaterWithRetryManager:96 - Updater plugin is busy. [2/15]
2023-08-05 20:44:39,938 [INFO] LoadServerUpdatesThread:373 - End of LoadServerUpdate Thread
2023-08-05 20:44:40,130 [INFO] CheckServerUpdateThread:120 - End of CheckServer Thread
2023-08-05 20:44:43,065 [WARN] PackLoader:240 - Cannot read IP mode file for STMicroelectronics.X-CUBE-SMBUS.2.1.0
2023-08-05 20:44:43,132 [WARN] PackLoader:240 - Cannot read IP mode file for STMicroelectronics.X-CUBE-AZRTOS-F7.1.1.0
2023-08-05 20:44:43,175 [WARN] PackLoader:240 - Cannot read IP mode file for STMicroelectronics.FP-SNS-MOTENV1.4.3.2
2023-08-05 20:44:43,215 [WARN] PackLoader:240 - Cannot read IP mode file for STMicroelectronics.X-CUBE-BLE1.6.2.4
2023-08-05 20:44:43,248 [WARN] PackLoader:240 - Cannot read IP mode file for STMicroelectronics.FP-SNS-FLIGHT1.5.0.2
2023-08-05 20:44:43,279 [WARN] PackLoader:240 - Cannot read IP mode file for STMicroelectronics.X-CUBE-DISPLAY.3.0.0
2023-08-05 20:44:43,305 [WARN] PackLoader:240 - Cannot read IP mode file for emotas.I-CUBE-CANOPEN.1.3.0
2023-08-05 20:44:43,325 [WARN] PackLoader:240 - Cannot read IP mode file for STMicroelectronics.X-CUBE-TOUCHGFX.4.22.0
2023-08-05 20:44:43,351 [INFO] LogOutputStream:77 - [STDOUT_REDIRECT] 1 : Invalid condition id : UX_CORESTACK_Condition cause : null
2023-08-05 20:44:43,352 [INFO] LogOutputStream:77 - [STDOUT_REDIRECT] 1 : Invalid condition id : UX_CORESTACK_Condition cause : null
2023-08-05 20:44:43,353 [INFO] LogOutputStream:77 - [STDOUT_REDIRECT] 1 : Invalid condition id : UX_CORESTACK_Condition cause : null
2023-08-05 20:44:43,354 [INFO] LogOutputStream:77 - [STDOUT_REDIRECT] 1 : Invalid condition id : UX_CORESTACK_Condition cause : null
2023-08-05 20:44:43,355 [INFO] LogOutputStream:77 - [STDOUT_REDIRECT] 1 : Invalid condition id : UX_CORESTACK_Condition cause : null
2023-08-05 20:44:43,360 [WARN] PackLoader:240 - Cannot read IP mode file for STMicroelectronics.X-CUBE-AZRTOS-WL.2.0.0
2023-08-05 20:44:43,387 [WARN] PackLoader:240 - Cannot read IP mode file for WES.I-CUBE-Cesium.1.3.0
2023-08-05 20:44:43,406 [WARN] PackLoader:240 - Cannot read IP mode file for STMicroelectronics.X-CUBE-BLE2.3.3.0
2023-08-05 20:44:43,425 [WARN] PackLoader:240 - Cannot read IP mode file for STMicroelectronics.X-CUBE-ALGOBUILD.1.3.0
2023-08-05 20:44:43,460 [WARN] PackLoader:240 - Cannot read IP mode file for STMicroelectronics.X-CUBE-AZRTOS-G0.1.1.0
2023-08-05 20:44:43,487 [WARN] PackLoader:240 - Cannot read IP mode file for STMicroelectronics.X-CUBE-NFC4.3.0.0
2023-08-05 20:44:43,513 [WARN] PackLoader:240 - Cannot read IP mode file for STMicroelectronics.FP-ATR-SIGFOX1.3.2.0
2023-08-05 20:44:43,586 [WARN] PackLoader:240 - Cannot read IP mode file for SEGGER.I-CUBE-embOS.1.3.1
2023-08-05 20:44:43,658 [WARN] PackLoader:240 - Cannot read IP mode file for STMicroelectronics.X-CUBE-GNSS1.6.0.0
2023-08-05 20:44:43,713 [WARN] PackLoader:240 - Cannot read IP mode file for STMicroelectronics.X-CUBE-AZRTOS-F4.1.1.0
2023-08-05 20:44:43,745 [WARN] PackLoader:240 - Cannot read IP mode file for wolfSSL.I-CUBE-wolfSSL.5.6.3
2023-08-05 20:44:43,832 [WARN] PackLoader:240 - Cannot read IP mode file for STMicroelectronics.X-CUBE-MEMS1.9.6.0
2023-08-05 20:44:44,039 [WARN] PackLoader:240 - Cannot read IP mode file for STMicroelectronics.X-CUBE-BLEMGR.2.0.0
2023-08-05 20:44:44,110 [WARN] ConditionMgr:438 - getConditionDescription Invalid condition id : UX DEVICE CLASS RTOS Condition cause : null
2023-08-05 20:44:44,112 [WARN] ConditionMgr:438 - getConditionDescription Invalid condition id : UX DEVICE CLASS RTOS Condition cause : null
2023-08-05 20:44:44,116 [WARN] PackLoader:240 - Cannot read IP mode file for STMicroelectronics.X-CUBE-AZRTOS-H7.3.1.0
2023-08-05 20:44:44,118 [WARN] ConditionMgr:1039 - genDependencies : Invalid condition id : UX DEVICE CLASS RTOS Condition cause : null
2023-08-05 20:44:44,119 [WARN] ConditionMgr:1039 - genDependencies : Invalid condition id : UX DEVICE CLASS RTOS Condition cause : null
2023-08-05 20:44:44,120 [WARN] ConditionMgr:1039 - genDependencies : Invalid condition id : UX DEVICE CLASS RTOS Condition cause : null
2023-08-05 20:44:44,121 [WARN] ConditionMgr:1039 - genDependencies : Invalid condition id : UX DEVICE CLASS RTOS Condition cause : null
2023-08-05 20:44:44,121 [WARN] ConditionMgr:1039 - genDependencies : Invalid condition id : UX DEVICE CLASS RTOS Condition cause : null
2023-08-05 20:44:44,161 [WARN] PackLoader:240 - Cannot read IP mode file for STMicroelectronics.X-CUBE-NFC7.1.0.1
2023-08-05 20:44:44,196 [WARN] PackLoader:240 - Cannot read IP mode file for STMicroelectronics.X-CUBE-EEPRMA1.4.1.0
2023-08-05 20:44:44,250 [WARN] ConditionMgr:438 - getConditionDescription Invalid condition id : LAN8742 Phy interface Condition cause : null
2023-08-05 20:44:44,251 [WARN] PackLoader:240 - Cannot read IP mode file for STMicroelectronics.X-CUBE-AZRTOS-L4.2.0.0
2023-08-05 20:44:44,253 [WARN] ConditionMgr:1039 - genDependencies : Invalid condition id : LAN8742 Phy interface Condition cause : null
2023-08-05 20:44:44,254 [WARN] ConditionMgr:1039 - genDependencies : Invalid condition id : LAN8742 Phy interface Condition cause : null
2023-08-05 20:44:44,254 [WARN] ConditionMgr:1039 - genDependencies : Invalid condition id : LAN8742 Phy interface Condition cause : null
2023-08-05 20:44:44,283 [WARN] PackLoader:240 - Cannot read IP mode file for STMicroelectronics.X-CUBE-SFXS2LP1.4.0.0
2023-08-05 20:44:44,313 [WARN] PackLoader:240 - Cannot read IP mode file for STMicroelectronics.X-CUBE-ISPU.1.1.0
2023-08-05 20:44:44,335 [WARN] PackLoader:240 - Cannot read IP mode file for STMicroelectronics.X-CUBE-FREERTOS.1.0.1
2023-08-05 20:44:44,369 [WARN] PackLoader:240 - Cannot read IP mode file for STMicroelectronics.X-CUBE-AZRTOS-L5.1.1.0
2023-08-05 20:44:44,394 [WARN] PackLoader:240 - Cannot read IP mode file for STMicroelectronics.X-CUBE-AI.8.0.1
2023-08-05 20:44:44,430 [WARN] PackLoader:240 - Cannot read IP mode file for STMicroelectronics.X-CUBE-SUBG2.5.0.0
2023-08-05 20:44:44,483 [WARN] PackLoader:240 - Cannot read IP mode file for STMicroelectronics.X-CUBE-TOF1.3.3.1
2023-08-05 20:44:44,542 [WARN] PackLoader:240 - Cannot read IP mode file for STMicroelectronics.X-CUBE-AZRTOS-G4.2.0.0
2023-08-05 20:44:44,573 [WARN] PackLoader:240 - Cannot read IP mode file for portGmbH.I-Cube-SoM-uGOAL.1.1.0
2023-08-05 20:44:44,602 [WARN] PackLoader:240 - Cannot read IP mode file for STMicroelectronics.X-CUBE-ALS.1.0.1
2023-08-05 20:44:44,643 [WARN] PackLoader:240 - Cannot read IP mode file for STMicroelectronics.X-CUBE-AZRTOS-WB.1.1.0
2023-08-05 20:44:44,667 [WARN] PackLoader:240 - Cannot read IP mode file for STMicroelectronics.FP-ATR-ASTRA1.2.0.0
2023-08-05 20:44:44,669 [INFO] ThirdParty:978 - Integrity check success = true
2023-08-05 20:44:44,670 [INFO] IntegrityCheckThread:100 - exiting critical section [integrity check]
2023-08-05 20:44:44,670 [INFO] IntegrityCheckThread:103 - End integrity checks thread
2023-08-05 20:44:56,492 [ERROR] LogOutputStream:75 - [STDERR_REDIRECT] SLF4J: Failed to load class "org.slf4j.impl.StaticLoggerBinder".
2023-08-05 20:44:56,492 [ERROR] LogOutputStream:75 - [STDERR_REDIRECT] SLF4J: Defaulting to no-operation (NOP) logger implementation
2023-08-05 20:44:56,493 [ERROR] LogOutputStream:75 - [STDERR_REDIRECT] SLF4J: See http://www.slf4j.org/codes.html#StaticLoggerBinder for further details.
2023-08-05 20:45:37,824 [INFO] LogOutputStream:77 - [STDOUT_REDIRECT] Unexpected error loading extension: org.eclipse.equinox.p2.metadata.repository.compositeRepository
2023-08-05 20:45:37,827 [ERROR] LogOutputStream:75 - [STDERR_REDIRECT] java.lang.IllegalStateException: bundle org.eclipse.equinox.p2.repositoryis not started
2023-08-05 20:45:37,828 [ERROR] LogOutputStream:75 - [STDERR_REDIRECT] 	at org.eclipse.equinox.internal.p2.repository.Activator.getContext(Activator.java:65)
2023-08-05 20:45:37,830 [ERROR] LogOutputStream:75 - [STDERR_REDIRECT] 	at org.eclipse.equinox.internal.p2.repository.helpers.AbstractRepositoryManager.restoreFromSystemProperty(AbstractRepositoryManager.java:1013)
2023-08-05 20:45:37,832 [ERROR] LogOutputStream:75 - [STDERR_REDIRECT] 	at org.eclipse.equinox.internal.p2.repository.helpers.AbstractRepositoryManager.restoreRepositories(AbstractRepositoryManager.java:1033)
2023-08-05 20:45:37,833 [ERROR] LogOutputStream:75 - [STDERR_REDIRECT] 	at org.eclipse.equinox.internal.p2.repository.helpers.AbstractRepositoryManager.sortSuffixes(AbstractRepositoryManager.java:1112)
2023-08-05 20:45:37,834 [ERROR] LogOutputStream:75 - [STDERR_REDIRECT] 	at org.eclipse.equinox.internal.p2.repository.helpers.AbstractRepositoryManager.loadRepository(AbstractRepositoryManager.java:676)
2023-08-05 20:45:37,836 [ERROR] LogOutputStream:75 - [STDERR_REDIRECT] 	at org.eclipse.equinox.internal.p2.metadata.repository.MetadataRepositoryManager.loadRepository(MetadataRepositoryManager.java:110)
2023-08-05 20:45:37,838 [ERROR] LogOutputStream:75 - [STDERR_REDIRECT] 	at org.eclipse.equinox.internal.p2.metadata.repository.MetadataRepositoryManager.loadRepository(MetadataRepositoryManager.java:105)
2023-08-05 20:45:37,840 [ERROR] LogOutputStream:75 - [STDERR_REDIRECT] 	at org.eclipse.equinox.internal.p2.metadata.repository.CompositeMetadataRepository.addChild(CompositeMetadataRepository.java:171)
2023-08-05 20:45:37,842 [ERROR] LogOutputStream:75 - [STDERR_REDIRECT] 	at org.eclipse.equinox.internal.p2.metadata.repository.CompositeMetadataRepository.<init>(CompositeMetadataRepository.java:113)
2023-08-05 20:45:37,844 [ERROR] LogOutputStream:75 - [STDERR_REDIRECT] 	at org.eclipse.equinox.internal.p2.metadata.repository.CompositeMetadataRepositoryFactory.load(CompositeMetadataRepositoryFactory.java:124)
2023-08-05 20:45:37,846 [ERROR] LogOutputStream:75 - [STDERR_REDIRECT] 	at org.eclipse.equinox.internal.p2.metadata.repository.MetadataRepositoryManager.factoryLoad(MetadataRepositoryManager.java:63)
2023-08-05 20:45:37,848 [ERROR] LogOutputStream:75 - [STDERR_REDIRECT] 	at org.eclipse.equinox.internal.p2.repository.helpers.AbstractRepositoryManager.loadRepository(AbstractRepositoryManager.java:787)
2023-08-05 20:45:37,850 [ERROR] LogOutputStream:75 - [STDERR_REDIRECT] 	at org.eclipse.equinox.internal.p2.repository.helpers.AbstractRepositoryManager.loadRepository(AbstractRepositoryManager.java:685)
2023-08-05 20:45:37,851 [ERROR] LogOutputStream:75 - [STDERR_REDIRECT] 	at org.eclipse.equinox.internal.p2.metadata.repository.MetadataRepositoryManager.loadRepository(MetadataRepositoryManager.java:110)
2023-08-05 20:45:37,853 [ERROR] LogOutputStream:75 - [STDERR_REDIRECT] 	at org.eclipse.equinox.internal.p2.metadata.repository.MetadataRepositoryManager.loadRepository(MetadataRepositoryManager.java:105)
2023-08-05 20:45:37,854 [ERROR] LogOutputStream:75 - [STDERR_REDIRECT] 	at org.eclipse.equinox.internal.p2.updatechecker.UpdateChecker.getAvailableRepositories(UpdateChecker.java:152)
2023-08-05 20:45:37,855 [ERROR] LogOutputStream:75 - [STDERR_REDIRECT] 	at org.eclipse.equinox.internal.p2.updatechecker.UpdateChecker.checkForUpdates(UpdateChecker.java:130)
2023-08-05 20:45:37,857 [ERROR] LogOutputStream:75 - [STDERR_REDIRECT] 	at org.eclipse.equinox.internal.p2.updatechecker.UpdateChecker$UpdateCheckThread.run(UpdateChecker.java:78)
