2023-08-21 03:25:59,830 [INFO] Activator:176 - 


2023-08-21 03:25:59,837 [INFO] Activator:177 - !SESSION log4j initialized
2023-08-21 03:26:07,945 [INFO] LogOutputStream:77 - [STDOUT_REDIRECT] 
2023-08-21 03:26:10,396 [INFO] ApplicationProperties:184 - Using Application install path: D:\Programs\STM32CubeIDE_1.13.0\STM32CubeIDE\plugins\com.st.stm32cube.common.mx_6.9.0.202307051724
2023-08-21 03:26:10,421 [INFO] DbMcusXml:78 - Set database path to: D:\Programs\STM32CubeIDE_1.13.0\STM32CubeIDE\plugins\com.st.stm32cube.common.mx_6.9.0.202307051724\\db\/mcu/
2023-08-21 03:26:10,421 [INFO] ApiDb:274 - Set plugin database path to: D:\Programs\STM32CubeIDE_1.13.0\STM32CubeIDE\plugins\com.st.stm32cube.common.mx_6.9.0.202307051724\\db\/plugins/boardmanager/
2023-08-21 03:26:10,422 [WARN] ApiDb:259 - Overriding images path with different value:  => D:\Programs\STM32CubeIDE_1.13.0\STM32CubeIDE\plugins\com.st.stm32cube.common.mx_6.9.0.202307051724\\db\/plugins/mcufinder/images/
2023-08-21 03:26:10,437 [INFO] ApiDb:250 - Set database path to: C:\Users\Asus\.stmcufinder\plugins\mcufinder//mcu/
2023-08-21 03:26:10,439 [INFO] DbMcusAds:125 - Set database path to: C:\Users\Asus\.stmcufinder\plugins\mcufinder//mcu/
2023-08-21 03:26:10,442 [INFO] CrossReferenceDbSqlite:203 - Set database path to: C:\Users\Asus\.stmcufinder\plugins\mcufinder//mcu/cs/
2023-08-21 03:26:10,585 [INFO] RulesReader:64 - Compatibility file has been processed (293 Rules)
2023-08-21 03:26:10,680 [INFO] DbMcusXml:78 - Set database path to: D:\Programs\STM32CubeIDE_1.13.0\STM32CubeIDE\plugins\com.st.stm32cube.common.mx_6.9.0.202307051724\\db\/mcu/
2023-08-21 03:26:10,680 [INFO] ApiDb:274 - Set plugin database path to: D:\Programs\STM32CubeIDE_1.13.0\STM32CubeIDE\plugins\com.st.stm32cube.common.mx_6.9.0.202307051724\\db\/plugins/boardmanager/
2023-08-21 03:26:10,681 [INFO] ApiDb:261 - Set plugin images path to: D:\Programs\STM32CubeIDE_1.13.0\STM32CubeIDE\plugins\com.st.stm32cube.common.mx_6.9.0.202307051724\\db\/plugins/mcufinder/images/
2023-08-21 03:26:10,681 [WARN] DbFile:41 - Overriding database path with different value: C:\Users\Asus\.stmcufinder\plugins\mcufinder/ => C:\Users\Asus\.stmcufinder\plugins\mcufinder
2023-08-21 03:26:10,681 [INFO] ApiDb:250 - Set database path to: C:\Users\Asus\.stmcufinder\plugins\mcufinder//mcu/
2023-08-21 03:26:10,681 [WARN] DbFile:41 - Overriding database path with different value: C:\Users\Asus\.stmcufinder\plugins\mcufinder/ => C:\Users\Asus\.stmcufinder\plugins\mcufinder
2023-08-21 03:26:10,681 [INFO] DbMcusAds:125 - Set database path to: C:\Users\Asus\.stmcufinder\plugins\mcufinder//mcu/
2023-08-21 03:26:10,681 [WARN] DbFile:41 - Overriding database path with different value: C:\Users\Asus\.stmcufinder\plugins\mcufinder/ => C:\Users\Asus\.stmcufinder\plugins\mcufinder
2023-08-21 03:26:10,681 [WARN] DbFile:41 - Overriding database path with different value: C:\Users\Asus\.stmcufinder\plugins\mcufinder/ => C:\Users\Asus\.stmcufinder\plugins\mcufinder
2023-08-21 03:26:10,682 [INFO] CrossReferenceDbSqlite:203 - Set database path to: C:\Users\Asus\.stmcufinder\plugins\mcufinder//mcu/cs/
2023-08-21 03:26:10,774 [INFO] MainPanel:262 - HeapMemory: 268435456
2023-08-21 03:26:10,911 [INFO] DbMcusXml:78 - Set database path to: D:\Programs\STM32CubeIDE_1.13.0\STM32CubeIDE\plugins\com.st.stm32cube.common.mx_6.9.0.202307051724\\db\/mcu/
2023-08-21 03:26:10,911 [INFO] ApiDb:274 - Set plugin database path to: D:\Programs\STM32CubeIDE_1.13.0\STM32CubeIDE\plugins\com.st.stm32cube.common.mx_6.9.0.202307051724\\db\/plugins/boardmanager/
2023-08-21 03:26:10,911 [INFO] ApiDb:261 - Set plugin images path to: D:\Programs\STM32CubeIDE_1.13.0\STM32CubeIDE\plugins\com.st.stm32cube.common.mx_6.9.0.202307051724\\db\/plugins/mcufinder/images/
2023-08-21 03:26:10,912 [WARN] DbFile:41 - Overriding database path with different value: C:\Users\Asus\.stmcufinder\plugins\mcufinder/ => C:\Users\Asus\.stmcufinder\plugins\mcufinder
2023-08-21 03:26:10,912 [INFO] ApiDb:250 - Set database path to: C:\Users\Asus\.stmcufinder\plugins\mcufinder//mcu/
2023-08-21 03:26:10,912 [WARN] DbFile:41 - Overriding database path with different value: C:\Users\Asus\.stmcufinder\plugins\mcufinder/ => C:\Users\Asus\.stmcufinder\plugins\mcufinder
2023-08-21 03:26:10,912 [INFO] DbMcusAds:125 - Set database path to: C:\Users\Asus\.stmcufinder\plugins\mcufinder//mcu/
2023-08-21 03:26:10,912 [WARN] DbFile:41 - Overriding database path with different value: C:\Users\Asus\.stmcufinder\plugins\mcufinder/ => C:\Users\Asus\.stmcufinder\plugins\mcufinder
2023-08-21 03:26:10,912 [WARN] DbFile:41 - Overriding database path with different value: C:\Users\Asus\.stmcufinder\plugins\mcufinder/ => C:\Users\Asus\.stmcufinder\plugins\mcufinder
2023-08-21 03:26:10,912 [INFO] CrossReferenceDbSqlite:203 - Set database path to: C:\Users\Asus\.stmcufinder\plugins\mcufinder//mcu/cs/
2023-08-21 03:26:10,933 [INFO] ApplicationProperties:184 - Using Application install path: D:\Programs\STM32CubeIDE_1.13.0\STM32CubeIDE\plugins\com.st.stm32cube.common.mx_6.9.0.202307051724
2023-08-21 03:26:10,935 [INFO] PluginManage:196 - Search for loadable plugins [exclusion list=, ]
2023-08-21 03:26:10,937 [INFO] PluginManage:310 - Check plugin analytics
2023-08-21 03:26:11,108 [INFO] AnalyticsPlugin:253 - Accepted Software Licenses: 
2023-08-21 03:26:11,109 [INFO] AnalyticsPlugin:255 - Accepted CMSIS Pack Licenses: 
2023-08-21 03:26:11,109 [INFO] AnalyticsPlugin:257 - Accepted Firmware Licenses: FW.F7.1.17.0
2023-08-21 03:26:11,112 [INFO] PluginManage:359 - Loaded plugin analytics (category:tool,tabindex:-1)
2023-08-21 03:26:11,113 [INFO] PluginManage:310 - Check plugin cadmodel
2023-08-21 03:26:11,133 [INFO] CADModel:105 - Init CAD model plugin
2023-08-21 03:26:11,134 [INFO] PluginManage:359 - Loaded plugin cadmodel (category:power,tabindex:5)
2023-08-21 03:26:11,134 [INFO] PluginManage:310 - Check plugin clock
2023-08-21 03:26:11,160 [INFO] PluginManage:359 - Loaded plugin clock (category:base,tabindex:2)
2023-08-21 03:26:11,161 [INFO] PluginManage:310 - Check plugin ddr
2023-08-21 03:26:11,164 [INFO] PluginManage:359 - Loaded plugin ddr (category:tool,tabindex:6)
2023-08-21 03:26:11,164 [INFO] PluginManage:310 - Check plugin filemanager
2023-08-21 03:26:11,318 [INFO] PluginManage:359 - Loaded plugin filemanager (category:base,tabindex:10)
2023-08-21 03:26:11,318 [INFO] PluginManage:310 - Check plugin ipmanager
2023-08-21 03:26:11,328 [INFO] PluginManage:359 - Loaded plugin ipmanager (category:base,tabindex:5)
2023-08-21 03:26:11,328 [INFO] PluginManage:310 - Check plugin lpbam
2023-08-21 03:26:11,353 [INFO] PluginManage:359 - Loaded plugin lpbam (category:base,tabindex:0)
2023-08-21 03:26:11,353 [INFO] PluginManage:310 - Check plugin memorymap
2023-08-21 03:26:11,385 [INFO] PluginManage:359 - Loaded plugin memorymap (category:base,tabindex:4)
2023-08-21 03:26:11,385 [INFO] PluginManage:310 - Check plugin pinoutandconfiguration
2023-08-21 03:26:11,408 [INFO] PluginManage:359 - Loaded plugin pinoutandconfiguration (category:base,tabindex:1)
2023-08-21 03:26:11,409 [INFO] PluginManage:310 - Check plugin pinoutconfig
2023-08-21 03:26:11,523 [WARN] SupportedApi:132 - Cannot load RTOS API schema: s4s-elt-must-match.1: The content of 'definitions' must match (annotation?, (simpleType | complexType)?, (unique | key | keyref)*)). A problem was found starting at: attribute.
2023-08-21 03:26:11,668 [INFO] PluginManage:359 - Loaded plugin pinoutconfig (category:base,tabindex:0)
2023-08-21 03:26:11,668 [INFO] PluginManage:310 - Check plugin power
2023-08-21 03:26:11,695 [INFO] PluginManage:359 - Loaded plugin power (category:power,tabindex:4)
2023-08-21 03:26:11,695 [INFO] PluginManage:310 - Check plugin projectmanager
2023-08-21 03:26:11,712 [INFO] PluginManage:359 - Loaded plugin projectmanager (category:projectmanager,tabindex:3)
2023-08-21 03:26:11,712 [INFO] PluginManage:310 - Check plugin thirdparty
2023-08-21 03:26:12,097 [INFO] PluginManage:359 - Loaded plugin thirdparty (category:base,tabindex:-1)
2023-08-21 03:26:12,097 [WARN] IntegrityCheckThread:84 - waiting for thirdparty lock release [integrity check]
2023-08-21 03:26:12,097 [INFO] IntegrityCheckThread:86 - entering critical section [integrity check]
2023-08-21 03:26:12,097 [INFO] PluginManage:310 - Check plugin tools
2023-08-21 03:26:12,098 [INFO] ThirdPartyUpdaterWithRetryManager:70 - Updater plugin not ready yet. [1/15]
2023-08-21 03:26:12,150 [INFO] PluginManage:359 - Loaded plugin tools (category:base,tabindex:7)
2023-08-21 03:26:12,150 [INFO] PluginManage:310 - Check plugin tutovideos
2023-08-21 03:26:12,430 [INFO] PluginManage:359 - Loaded plugin tutovideos (category:base,tabindex:-1)
2023-08-21 03:26:12,430 [INFO] PluginManage:310 - Check plugin updater
2023-08-21 03:26:12,449 [INFO] PluginManage:359 - Loaded plugin updater (category:base,tabindex:12)
2023-08-21 03:26:12,450 [INFO] PluginManage:310 - Check plugin userauth
2023-08-21 03:26:12,461 [INFO] UserAuth:113 - Init User Auth plugin
2023-08-21 03:26:12,461 [INFO] PluginManage:359 - Loaded plugin userauth (category:base,tabindex:14)
2023-08-21 03:26:12,462 [INFO] PluginManage:283 - PluginManage : Loaded plugins [17]
2023-08-21 03:26:12,783 [INFO] PinOutPanel:1499 - setPackage(No Configuration,No Configuration)
2023-08-21 03:26:12,935 [INFO] CADModel:165 - CPN selected for project level
2023-08-21 03:26:12,935 [INFO] CADModel:114 - Register for checkConnection events
2023-08-21 03:26:12,986 [INFO] IPUIPlugin:80 - create IPUIPlugin
2023-08-21 03:26:12,986 [INFO] PluginManager:220 - loadIPPluginJar : add adc
2023-08-21 03:26:13,039 [INFO] IPUIPlugin:80 - create IPUIPlugin
2023-08-21 03:26:13,039 [INFO] PluginManager:220 - loadIPPluginJar : add aes
2023-08-21 03:26:13,103 [INFO] IPUIPlugin:80 - create IPUIPlugin
2023-08-21 03:26:13,103 [INFO] PluginManager:220 - loadIPPluginJar : add can
2023-08-21 03:26:13,143 [INFO] IPUIPlugin:80 - create IPUIPlugin
2023-08-21 03:26:13,143 [INFO] PluginManager:220 - loadIPPluginJar : add comp
2023-08-21 03:26:13,188 [INFO] IPUIPlugin:80 - create IPUIPlugin
2023-08-21 03:26:13,188 [INFO] PluginManager:220 - loadIPPluginJar : add cryp
2023-08-21 03:26:13,227 [INFO] IPUIPlugin:80 - create IPUIPlugin
2023-08-21 03:26:13,227 [INFO] PluginManager:220 - loadIPPluginJar : add dfsdm
2023-08-21 03:26:13,247 [INFO] IPUIPlugin:80 - create IPUIPlugin
2023-08-21 03:26:13,248 [INFO] PluginManager:220 - loadIPPluginJar : add dma
2023-08-21 03:26:13,305 [INFO] IPUIPlugin:80 - create IPUIPlugin
2023-08-21 03:26:13,305 [INFO] PluginManager:220 - loadIPPluginJar : add dma3
2023-08-21 03:26:13,332 [INFO] IPUIPlugin:80 - create IPUIPlugin
2023-08-21 03:26:13,333 [INFO] PluginManager:220 - loadIPPluginJar : add fatfs
2023-08-21 03:26:13,391 [INFO] IPUIPlugin:80 - create IPUIPlugin
2023-08-21 03:26:13,391 [INFO] PluginManager:220 - loadIPPluginJar : add fmc
2023-08-21 03:26:13,411 [INFO] IPUIPlugin:80 - create IPUIPlugin
2023-08-21 03:26:13,411 [INFO] PluginManager:220 - loadIPPluginJar : add freertos
2023-08-21 03:26:13,440 [INFO] IPUIPlugin:80 - create IPUIPlugin
2023-08-21 03:26:13,440 [INFO] PluginManager:220 - loadIPPluginJar : add genericplugin
2023-08-21 03:26:13,564 [INFO] IPUIPlugin:80 - create IPUIPlugin
2023-08-21 03:26:13,565 [INFO] PluginManager:220 - loadIPPluginJar : add gfxmmu
2023-08-21 03:26:13,733 [INFO] IPUIPlugin:80 - create IPUIPlugin
2023-08-21 03:26:13,734 [INFO] PluginManager:220 - loadIPPluginJar : add gic
2023-08-21 03:26:13,752 [INFO] IPUIPlugin:80 - create IPUIPlugin
2023-08-21 03:26:13,752 [INFO] PluginManager:220 - loadIPPluginJar : add gpio
2023-08-21 03:26:13,861 [INFO] IPUIPlugin:80 - create IPUIPlugin
2023-08-21 03:26:13,862 [INFO] PluginManager:220 - loadIPPluginJar : add gtzc
2023-08-21 03:26:13,905 [INFO] IPUIPlugin:80 - create IPUIPlugin
2023-08-21 03:26:13,905 [INFO] PluginManager:220 - loadIPPluginJar : add hash
2023-08-21 03:26:13,973 [INFO] IPUIPlugin:80 - create IPUIPlugin
2023-08-21 03:26:13,974 [INFO] PluginManager:220 - loadIPPluginJar : add i2c
2023-08-21 03:26:14,025 [INFO] IPUIPlugin:80 - create IPUIPlugin
2023-08-21 03:26:14,025 [INFO] PluginManager:220 - loadIPPluginJar : add i2s
2023-08-21 03:26:14,078 [INFO] IPUIPlugin:80 - create IPUIPlugin
2023-08-21 03:26:14,079 [INFO] PluginManager:220 - loadIPPluginJar : add i3c
2023-08-21 03:26:14,195 [INFO] IPUIPlugin:80 - create IPUIPlugin
2023-08-21 03:26:14,196 [INFO] PluginManager:220 - loadIPPluginJar : add ipddr
2023-08-21 03:26:14,312 [INFO] IPUIPlugin:80 - create IPUIPlugin
2023-08-21 03:26:14,312 [INFO] PluginManager:220 - loadIPPluginJar : add linkedlist
2023-08-21 03:26:14,355 [INFO] IPUIPlugin:80 - create IPUIPlugin
2023-08-21 03:26:14,355 [INFO] PluginManager:220 - loadIPPluginJar : add lorawan
2023-08-21 03:26:14,406 [INFO] IPUIPlugin:80 - create IPUIPlugin
2023-08-21 03:26:14,406 [INFO] PluginManager:220 - loadIPPluginJar : add ltdc
2023-08-21 03:26:14,427 [INFO] IPUIPlugin:80 - create IPUIPlugin
2023-08-21 03:26:14,428 [INFO] PluginManager:220 - loadIPPluginJar : add mdma
2023-08-21 03:26:14,446 [INFO] IPUIPlugin:80 - create IPUIPlugin
2023-08-21 03:26:14,446 [INFO] PluginManager:220 - loadIPPluginJar : add nvic
2023-08-21 03:26:14,493 [INFO] IPUIPlugin:80 - create IPUIPlugin
2023-08-21 03:26:14,494 [INFO] PluginManager:220 - loadIPPluginJar : add opamp
2023-08-21 03:26:14,573 [INFO] IPUIPlugin:80 - create IPUIPlugin
2023-08-21 03:26:14,573 [INFO] PluginManager:220 - loadIPPluginJar : add openamp
2023-08-21 03:26:14,652 [INFO] IPUIPlugin:80 - create IPUIPlugin
2023-08-21 03:26:14,653 [INFO] PluginManager:220 - loadIPPluginJar : add pdm2pcm
2023-08-21 03:26:14,673 [INFO] IPUIPlugin:80 - create IPUIPlugin
2023-08-21 03:26:14,680 [INFO] PluginManager:220 - loadIPPluginJar : add plateformsettings
2023-08-21 03:26:14,717 [INFO] IPUIPlugin:80 - create IPUIPlugin
2023-08-21 03:26:14,717 [INFO] PluginManager:220 - loadIPPluginJar : add quadspi
2023-08-21 03:26:14,736 [INFO] IPUIPlugin:80 - create IPUIPlugin
2023-08-21 03:26:14,736 [INFO] PluginManager:220 - loadIPPluginJar : add resmgrutility
2023-08-21 03:26:14,793 [INFO] IPUIPlugin:80 - create IPUIPlugin
2023-08-21 03:26:14,794 [INFO] PluginManager:220 - loadIPPluginJar : add sai
2023-08-21 03:26:14,837 [INFO] IPUIPlugin:80 - create IPUIPlugin
2023-08-21 03:26:14,837 [INFO] PluginManager:220 - loadIPPluginJar : add spi
2023-08-21 03:26:14,911 [INFO] IPUIPlugin:80 - create IPUIPlugin
2023-08-21 03:26:14,912 [INFO] PluginManager:220 - loadIPPluginJar : add stm32_wpan
2023-08-21 03:26:14,947 [INFO] IPUIPlugin:80 - create IPUIPlugin
2023-08-21 03:26:14,948 [INFO] PluginManager:220 - loadIPPluginJar : add tim
2023-08-21 03:26:15,025 [INFO] IPUIPlugin:80 - create IPUIPlugin
2023-08-21 03:26:15,025 [INFO] PluginManager:220 - loadIPPluginJar : add touchsensing
2023-08-21 03:26:15,057 [INFO] IPUIPlugin:80 - create IPUIPlugin
2023-08-21 03:26:15,057 [INFO] PluginManager:220 - loadIPPluginJar : add tracer_emb
2023-08-21 03:26:15,092 [INFO] IPUIPlugin:80 - create IPUIPlugin
2023-08-21 03:26:15,092 [INFO] PluginManager:220 - loadIPPluginJar : add ts
2023-08-21 03:26:15,102 [INFO] ThirdPartyUpdaterWithRetryManager:70 - Updater plugin not ready yet. [2/15]
2023-08-21 03:26:15,122 [INFO] IPUIPlugin:80 - create IPUIPlugin
2023-08-21 03:26:15,122 [INFO] PluginManager:220 - loadIPPluginJar : add tsc
2023-08-21 03:26:15,151 [INFO] IPUIPlugin:80 - create IPUIPlugin
2023-08-21 03:26:15,151 [INFO] PluginManager:220 - loadIPPluginJar : add ucpd
2023-08-21 03:26:15,211 [INFO] IPUIPlugin:80 - create IPUIPlugin
2023-08-21 03:26:15,212 [INFO] PluginManager:220 - loadIPPluginJar : add usart
2023-08-21 03:26:15,274 [INFO] IPUIPlugin:80 - create IPUIPlugin
2023-08-21 03:26:15,274 [INFO] PluginManager:220 - loadIPPluginJar : add usbx
2023-08-21 03:26:15,413 [INFO] CADModel:165 - CPN selected for project level
2023-08-21 03:26:15,413 [INFO] CADModel:114 - Register for checkConnection events
2023-08-21 03:26:15,413 [FATAL] Updater:308 - Updater called before beeing initialized
2023-08-21 03:26:15,413 [ERROR] CADModel:125 - Updater not yet initialized, retry later 
2023-08-21 03:26:15,648 [INFO] CADModel:165 - CPN selected for project level
2023-08-21 03:26:15,649 [INFO] CADModel:114 - Register for checkConnection events
2023-08-21 03:26:15,649 [FATAL] Updater:308 - Updater called before beeing initialized
2023-08-21 03:26:15,649 [ERROR] CADModel:125 - Updater not yet initialized, retry later 
2023-08-21 03:26:15,654 [FATAL] Updater:308 - Updater called before beeing initialized
2023-08-21 03:26:15,780 [FATAL] Updater:308 - Updater called before beeing initialized
2023-08-21 03:26:15,796 [INFO] DbMcusAds:53 - JSON generation date=Tue Mar 07 15:50:55 ICT 2023 (1678179055114)
2023-08-21 03:26:15,796 [FATAL] Updater:308 - Updater called before beeing initialized
2023-08-21 03:26:15,896 [WARN] DetailPanel:346 - Failed to get advertising image, set to default
2023-08-21 03:26:16,000 [FATAL] Updater:308 - Updater called before beeing initialized
2023-08-21 03:26:16,005 [FATAL] Updater:308 - Updater called before beeing initialized
2023-08-21 03:26:16,006 [FATAL] Updater:308 - Updater called before beeing initialized
2023-08-21 03:26:16,006 [WARN] DetailPanel:346 - Failed to get advertising image, set to default
2023-08-21 03:26:16,007 [FATAL] Updater:308 - Updater called before beeing initialized
2023-08-21 03:26:16,161 [ERROR] Updater:1120 - MainUpdater not yet initialized. External WinMGr cannot be set.
2023-08-21 03:26:16,186 [INFO] Updater:1056 - Updater Version found : 6.9.0
2023-08-21 03:26:16,239 [INFO] ApplicationProperties:184 - Using Application install path: D:\Programs\STM32CubeIDE_1.13.0\STM32CubeIDE\plugins\com.st.stm32cube.common.mx_6.9.0.202307051724
2023-08-21 03:26:17,309 [INFO] MainUpdater:2868 - connection check result : 10
2023-08-21 03:26:17,310 [INFO] MainUpdater:3562 - Updater definition file requires update
2023-08-21 03:26:17,312 [INFO] MainUpdater:285 - Updater Check For Update Now.
2023-08-21 03:26:17,312 [INFO] MicroXplorer:498 - Change Database Version : DB.6.0.90
2023-08-21 03:26:17,347 [INFO] McuFinderGlobals:63 - Set McuFinder mode to 2 (CubeIDE integrated)
2023-08-21 03:26:18,104 [WARN] MainUpdater:1189 - Updater busy. Cannot search thirdparties
2023-08-21 03:26:18,105 [INFO] ThirdPartyUpdaterWithRetryManager:96 - Updater plugin is busy. [1/15]
2023-08-21 03:26:19,158 [INFO] ServerAccessManage:473 - Download File updaters.zip
2023-08-21 03:26:19,236 [INFO] FileExtend:240 - Unzip File : updaters.zip
2023-08-21 03:26:19,237 [INFO] FileExtend:255 - Standard Zip Deflate
2023-08-21 03:26:20,608 [INFO] ServerAccessManage:473 - Download File PacksControlFlags.xml
2023-08-21 03:26:21,106 [WARN] MainUpdater:1189 - Updater busy. Cannot search thirdparties
2023-08-21 03:26:21,106 [INFO] ThirdPartyUpdaterWithRetryManager:96 - Updater plugin is busy. [2/15]
2023-08-21 03:26:21,545 [INFO] ServerAccessManage:473 - Download File cubemx.pidx
2023-08-21 03:26:22,341 [INFO] ServerAccessManage:473 - Download File STMicroelectronics.X-CUBE-AI.pdsc
2023-08-21 03:26:24,108 [WARN] MainUpdater:1189 - Updater busy. Cannot search thirdparties
2023-08-21 03:26:24,108 [INFO] ThirdPartyUpdaterWithRetryManager:96 - Updater plugin is busy. [3/15]
2023-08-21 03:26:27,109 [WARN] MainUpdater:1189 - Updater busy. Cannot search thirdparties
2023-08-21 03:26:27,109 [INFO] ThirdPartyUpdaterWithRetryManager:96 - Updater plugin is busy. [4/15]
2023-08-21 03:26:29,659 [INFO] ServerAccessManage:473 - Download File STMicroelectronics.X-CUBE-BLE1.pdsc
2023-08-21 03:26:30,110 [WARN] MainUpdater:1189 - Updater busy. Cannot search thirdparties
2023-08-21 03:26:30,110 [INFO] ThirdPartyUpdaterWithRetryManager:96 - Updater plugin is busy. [5/15]
2023-08-21 03:26:33,111 [WARN] MainUpdater:1189 - Updater busy. Cannot search thirdparties
2023-08-21 03:26:33,111 [INFO] ThirdPartyUpdaterWithRetryManager:96 - Updater plugin is busy. [6/15]
2023-08-21 03:26:36,114 [WARN] MainUpdater:1189 - Updater busy. Cannot search thirdparties
2023-08-21 03:26:36,114 [INFO] ThirdPartyUpdaterWithRetryManager:96 - Updater plugin is busy. [7/15]
2023-08-21 03:26:37,351 [ERROR] ServerAccessManage:1089 - Problem, file not found on Server
2023-08-21 03:26:38,626 [INFO] ServerAccessManage:473 - Download File STMicroelectronics.X-CUBE-AZRTOS-L5.pdsc
2023-08-21 03:26:38,970 [ERROR] LogOutputStream:75 - [STDERR_REDIRECT] SLF4J: Failed to load class "org.slf4j.impl.StaticLoggerBinder".
2023-08-21 03:26:38,971 [ERROR] LogOutputStream:75 - [STDERR_REDIRECT] SLF4J: Defaulting to no-operation (NOP) logger implementation
2023-08-21 03:26:38,971 [ERROR] LogOutputStream:75 - [STDERR_REDIRECT] SLF4J: See http://www.slf4j.org/codes.html#StaticLoggerBinder for further details.
2023-08-21 03:26:39,116 [WARN] MainUpdater:1189 - Updater busy. Cannot search thirdparties
2023-08-21 03:26:39,116 [INFO] ThirdPartyUpdaterWithRetryManager:96 - Updater plugin is busy. [8/15]
2023-08-21 03:26:40,553 [INFO] ServerAccessManage:473 - Download File STMicroelectronics.X-CUBE-AZRTOS-WB.pdsc
2023-08-21 03:26:42,117 [WARN] MainUpdater:1189 - Updater busy. Cannot search thirdparties
2023-08-21 03:26:42,117 [INFO] ThirdPartyUpdaterWithRetryManager:96 - Updater plugin is busy. [9/15]
2023-08-21 03:26:42,670 [ERROR] ServerAccessManage:1096 - Problem, Http access forbiden
2023-08-21 03:26:42,671 [ERROR] ServerAccessManage:651 - Problem, Http access forbiden : RoweBots.I-CUBE-UNISONRTOS.pdsc.
2023-08-21 03:26:42,868 [WARN] PackLoader:240 - Cannot read IP mode file for STMicroelectronics.X-CUBE-AI.8.1.0
2023-08-21 03:26:42,878 [WARN] PackLoader:240 - Cannot read IP mode file for STMicroelectronics.X-CUBE-BLE1.7.0.0
2023-08-21 03:26:42,903 [WARN] PackLoader:240 - Cannot read IP mode file for STMicroelectronics.X-CUBE-AZRTOS-L5.2.0.0
2023-08-21 03:26:42,921 [WARN] ConditionMgr:438 - getConditionDescription Invalid condition id : UX DEVICE CLASS RTOS Condition cause : null
2023-08-21 03:26:42,922 [WARN] ConditionMgr:438 - getConditionDescription Invalid condition id : UX DEVICE CLASS RTOS Condition cause : null
2023-08-21 03:26:42,925 [WARN] PackLoader:240 - Cannot read IP mode file for STMicroelectronics.X-CUBE-AZRTOS-WB.2.0.0
2023-08-21 03:26:42,926 [WARN] ConditionMgr:1039 - genDependencies : Invalid condition id : UX DEVICE CLASS RTOS Condition cause : null
2023-08-21 03:26:42,926 [WARN] ConditionMgr:1039 - genDependencies : Invalid condition id : UX DEVICE CLASS RTOS Condition cause : null
2023-08-21 03:26:42,927 [WARN] ConditionMgr:1039 - genDependencies : Invalid condition id : UX DEVICE CLASS RTOS Condition cause : null
2023-08-21 03:26:42,927 [WARN] ConditionMgr:1039 - genDependencies : Invalid condition id : UX DEVICE CLASS RTOS Condition cause : null
2023-08-21 03:26:42,928 [WARN] ConditionMgr:1039 - genDependencies : Invalid condition id : UX DEVICE CLASS RTOS Condition cause : null
2023-08-21 03:26:42,929 [INFO] PopulateThirdPartyThread:66 - Ending populate Thread
2023-08-21 03:26:42,932 [INFO] ThirdParty:1030 - CMSIS Pack Vendor :STMicroelectronics X-CUBE-AZRTOS-WB 2.0.0
2023-08-21 03:26:42,932 [INFO] ThirdParty:1030 - CMSIS Pack Vendor :STMicroelectronics X-CUBE-BLE1 7.0.0
2023-08-21 03:26:42,932 [INFO] ThirdParty:1030 - CMSIS Pack Vendor :STMicroelectronics X-CUBE-AZRTOS-L5 2.0.0
2023-08-21 03:26:42,932 [INFO] ThirdParty:1030 - CMSIS Pack Vendor :STMicroelectronics X-CUBE-AI 8.1.0
2023-08-21 03:26:42,932 [INFO] LoadServerUpdatesThread:373 - End of LoadServerUpdate Thread
2023-08-21 03:26:42,960 [INFO] CheckServerUpdateThread:120 - End of CheckServer Thread
2023-08-21 03:26:45,229 [WARN] PackLoader:240 - Cannot read IP mode file for STMicroelectronics.X-CUBE-SMBUS.2.1.0
2023-08-21 03:26:45,263 [WARN] PackLoader:240 - Cannot read IP mode file for STMicroelectronics.X-CUBE-AZRTOS-F7.1.1.0
2023-08-21 03:26:45,286 [WARN] PackLoader:240 - Cannot read IP mode file for STMicroelectronics.FP-SNS-MOTENV1.4.3.2
2023-08-21 03:26:45,308 [WARN] PackLoader:240 - Cannot read IP mode file for STMicroelectronics.X-CUBE-BLE1.6.2.4
2023-08-21 03:26:45,318 [WARN] PackLoader:240 - Cannot read IP mode file for STMicroelectronics.FP-SNS-FLIGHT1.5.0.2
2023-08-21 03:26:45,341 [WARN] PackLoader:240 - Cannot read IP mode file for STMicroelectronics.X-CUBE-DISPLAY.3.0.0
2023-08-21 03:26:45,350 [WARN] PackLoader:240 - Cannot read IP mode file for STMicroelectronics.X-CUBE-BLE1.7.0.0
2023-08-21 03:26:45,370 [WARN] PackLoader:240 - Cannot read IP mode file for emotas.I-CUBE-CANOPEN.1.3.0
2023-08-21 03:26:45,389 [WARN] PackLoader:240 - Cannot read IP mode file for STMicroelectronics.X-CUBE-TOUCHGFX.4.22.0
2023-08-21 03:26:45,410 [INFO] LogOutputStream:77 - [STDOUT_REDIRECT] 1 : Invalid condition id : UX_CORESTACK_Condition cause : null
2023-08-21 03:26:45,410 [INFO] LogOutputStream:77 - [STDOUT_REDIRECT] 1 : Invalid condition id : UX_CORESTACK_Condition cause : null
2023-08-21 03:26:45,411 [INFO] LogOutputStream:77 - [STDOUT_REDIRECT] 1 : Invalid condition id : UX_CORESTACK_Condition cause : null
2023-08-21 03:26:45,412 [INFO] LogOutputStream:77 - [STDOUT_REDIRECT] 1 : Invalid condition id : UX_CORESTACK_Condition cause : null
2023-08-21 03:26:45,412 [INFO] LogOutputStream:77 - [STDOUT_REDIRECT] 1 : Invalid condition id : UX_CORESTACK_Condition cause : null
2023-08-21 03:26:45,415 [WARN] PackLoader:240 - Cannot read IP mode file for STMicroelectronics.X-CUBE-AZRTOS-WL.2.0.0
2023-08-21 03:26:45,439 [WARN] PackLoader:240 - Cannot read IP mode file for WES.I-CUBE-Cesium.1.3.0
2023-08-21 03:26:45,459 [WARN] PackLoader:240 - Cannot read IP mode file for STMicroelectronics.X-CUBE-BLE2.3.3.0
2023-08-21 03:26:45,485 [WARN] PackLoader:240 - Cannot read IP mode file for STMicroelectronics.X-CUBE-ALGOBUILD.1.3.0
2023-08-21 03:26:45,534 [WARN] PackLoader:240 - Cannot read IP mode file for STMicroelectronics.X-CUBE-AZRTOS-G0.1.1.0
2023-08-21 03:26:45,574 [WARN] PackLoader:240 - Cannot read IP mode file for STMicroelectronics.X-CUBE-NFC4.3.0.0
2023-08-21 03:26:45,588 [WARN] PackLoader:240 - Cannot read IP mode file for STMicroelectronics.FP-ATR-SIGFOX1.3.2.0
2023-08-21 03:26:45,635 [WARN] PackLoader:240 - Cannot read IP mode file for SEGGER.I-CUBE-embOS.1.3.1
2023-08-21 03:26:45,685 [WARN] PackLoader:240 - Cannot read IP mode file for STMicroelectronics.X-CUBE-GNSS1.6.0.0
2023-08-21 03:26:45,727 [WARN] PackLoader:240 - Cannot read IP mode file for STMicroelectronics.X-CUBE-AZRTOS-F4.1.1.0
2023-08-21 03:26:45,757 [WARN] PackLoader:240 - Cannot read IP mode file for wolfSSL.I-CUBE-wolfSSL.5.6.3
2023-08-21 03:26:45,774 [WARN] PackLoader:240 - Cannot read IP mode file for STMicroelectronics.X-CUBE-AZRTOS-L5.2.0.0
2023-08-21 03:26:45,839 [WARN] PackLoader:240 - Cannot read IP mode file for STMicroelectronics.X-CUBE-MEMS1.9.6.0
2023-08-21 03:26:46,042 [WARN] PackLoader:240 - Cannot read IP mode file for STMicroelectronics.X-CUBE-BLEMGR.2.0.0
2023-08-21 03:26:46,110 [WARN] ConditionMgr:438 - getConditionDescription Invalid condition id : UX DEVICE CLASS RTOS Condition cause : null
2023-08-21 03:26:46,111 [WARN] ConditionMgr:438 - getConditionDescription Invalid condition id : UX DEVICE CLASS RTOS Condition cause : null
2023-08-21 03:26:46,113 [WARN] PackLoader:240 - Cannot read IP mode file for STMicroelectronics.X-CUBE-AZRTOS-H7.3.1.0
2023-08-21 03:26:46,115 [WARN] ConditionMgr:1039 - genDependencies : Invalid condition id : UX DEVICE CLASS RTOS Condition cause : null
2023-08-21 03:26:46,115 [WARN] ConditionMgr:1039 - genDependencies : Invalid condition id : UX DEVICE CLASS RTOS Condition cause : null
2023-08-21 03:26:46,116 [WARN] ConditionMgr:1039 - genDependencies : Invalid condition id : UX DEVICE CLASS RTOS Condition cause : null
2023-08-21 03:26:46,116 [WARN] ConditionMgr:1039 - genDependencies : Invalid condition id : UX DEVICE CLASS RTOS Condition cause : null
2023-08-21 03:26:46,116 [WARN] ConditionMgr:1039 - genDependencies : Invalid condition id : UX DEVICE CLASS RTOS Condition cause : null
2023-08-21 03:26:46,154 [WARN] PackLoader:240 - Cannot read IP mode file for STMicroelectronics.X-CUBE-NFC7.1.0.1
2023-08-21 03:26:46,197 [WARN] PackLoader:240 - Cannot read IP mode file for STMicroelectronics.X-CUBE-EEPRMA1.4.1.0
2023-08-21 03:26:46,209 [WARN] PackLoader:240 - Cannot read IP mode file for STMicroelectronics.X-CUBE-AI.8.1.0
2023-08-21 03:26:46,267 [WARN] ConditionMgr:438 - getConditionDescription Invalid condition id : LAN8742 Phy interface Condition cause : null
2023-08-21 03:26:46,269 [WARN] PackLoader:240 - Cannot read IP mode file for STMicroelectronics.X-CUBE-AZRTOS-L4.2.0.0
2023-08-21 03:26:46,270 [WARN] ConditionMgr:1039 - genDependencies : Invalid condition id : LAN8742 Phy interface Condition cause : null
2023-08-21 03:26:46,271 [WARN] ConditionMgr:1039 - genDependencies : Invalid condition id : LAN8742 Phy interface Condition cause : null
2023-08-21 03:26:46,272 [WARN] ConditionMgr:1039 - genDependencies : Invalid condition id : LAN8742 Phy interface Condition cause : null
2023-08-21 03:26:46,323 [WARN] PackLoader:240 - Cannot read IP mode file for STMicroelectronics.X-CUBE-SFXS2LP1.4.0.0
2023-08-21 03:26:46,398 [WARN] PackLoader:240 - Cannot read IP mode file for STMicroelectronics.X-CUBE-ISPU.1.1.0
2023-08-21 03:26:46,423 [WARN] ConditionMgr:438 - getConditionDescription Invalid condition id : UX DEVICE CLASS RTOS Condition cause : null
2023-08-21 03:26:46,424 [WARN] ConditionMgr:438 - getConditionDescription Invalid condition id : UX DEVICE CLASS RTOS Condition cause : null
2023-08-21 03:26:46,430 [WARN] PackLoader:240 - Cannot read IP mode file for STMicroelectronics.X-CUBE-AZRTOS-WB.2.0.0
2023-08-21 03:26:46,436 [WARN] ConditionMgr:1039 - genDependencies : Invalid condition id : UX DEVICE CLASS RTOS Condition cause : null
2023-08-21 03:26:46,436 [WARN] ConditionMgr:1039 - genDependencies : Invalid condition id : UX DEVICE CLASS RTOS Condition cause : null
2023-08-21 03:26:46,438 [WARN] ConditionMgr:1039 - genDependencies : Invalid condition id : UX DEVICE CLASS RTOS Condition cause : null
2023-08-21 03:26:46,439 [WARN] ConditionMgr:1039 - genDependencies : Invalid condition id : UX DEVICE CLASS RTOS Condition cause : null
2023-08-21 03:26:46,439 [WARN] ConditionMgr:1039 - genDependencies : Invalid condition id : UX DEVICE CLASS RTOS Condition cause : null
2023-08-21 03:26:46,495 [WARN] PackLoader:240 - Cannot read IP mode file for STMicroelectronics.X-CUBE-FREERTOS.1.0.1
2023-08-21 03:26:46,557 [WARN] PackLoader:240 - Cannot read IP mode file for STMicroelectronics.X-CUBE-AZRTOS-L5.1.1.0
2023-08-21 03:26:46,601 [WARN] PackLoader:240 - Cannot read IP mode file for STMicroelectronics.X-CUBE-AI.8.0.1
2023-08-21 03:26:46,649 [WARN] PackLoader:240 - Cannot read IP mode file for STMicroelectronics.X-CUBE-SUBG2.5.0.0
2023-08-21 03:26:46,700 [WARN] PackLoader:240 - Cannot read IP mode file for STMicroelectronics.X-CUBE-TOF1.3.3.1
2023-08-21 03:26:46,758 [WARN] PackLoader:240 - Cannot read IP mode file for STMicroelectronics.X-CUBE-AZRTOS-G4.2.0.0
2023-08-21 03:26:46,796 [WARN] PackLoader:240 - Cannot read IP mode file for portGmbH.I-Cube-SoM-uGOAL.1.1.0
2023-08-21 03:26:46,830 [WARN] PackLoader:240 - Cannot read IP mode file for STMicroelectronics.X-CUBE-ALS.1.0.1
2023-08-21 03:26:46,882 [WARN] PackLoader:240 - Cannot read IP mode file for STMicroelectronics.X-CUBE-AZRTOS-WB.1.1.0
2023-08-21 03:26:46,895 [WARN] PackLoader:240 - Cannot read IP mode file for STMicroelectronics.FP-ATR-ASTRA1.2.0.0
2023-08-21 03:26:46,898 [INFO] ThirdParty:978 - Integrity check success = true
2023-08-21 03:26:46,898 [INFO] IntegrityCheckThread:100 - exiting critical section [integrity check]
2023-08-21 03:26:46,898 [INFO] IntegrityCheckThread:103 - End integrity checks thread
